2019-04-05 23:05:42 [scrapy.utils.log] INFO: Scrapy 1.6.0 started (bot: newsReptile)
2019-04-05 23:05:42 [scrapy.utils.log] INFO: Versions: lxml 4.1.1.0, libxml2 2.9.7, cssselect 1.0.3, parsel 1.5.1, w3lib 1.20.0, Twisted 18.9.0, Python 3.6.4 |Anaconda custom (64-bit)| (default, Jan 16 2018, 10:22:32) [MSC v.1900 64 bit (AMD64)], pyOpenSSL 17.5.0 (OpenSSL 1.0.2o  27 Mar 2018), cryptography 2.1.4, Platform Windows-10-10.0.17134-SP0
2019-04-05 23:05:42 [scrapy.crawler] INFO: Overridden settings: {'BOT_NAME': 'newsReptile', 'LOG_FILE': 'logs\\default\\gzdaily\\4581f7a257b411e9b4357c67a2b4888f.log', 'NEWSPIDER_MODULE': 'newsReptile.spiders', 'ROBOTSTXT_OBEY': True, 'SPIDER_MODULES': ['newsReptile.spiders']}
2019-04-05 23:05:42 [scrapy.extensions.telnet] INFO: Telnet Password: ba53b2ad65fefc6e
2019-04-05 23:05:42 [scrapy.middleware] INFO: Enabled extensions:
['scrapy.extensions.corestats.CoreStats',
 'scrapy.extensions.telnet.TelnetConsole',
 'scrapy.extensions.logstats.LogStats']
2019-04-05 23:05:42 [scrapy.middleware] INFO: Enabled downloader middlewares:
['scrapy.downloadermiddlewares.robotstxt.RobotsTxtMiddleware',
 'scrapy.downloadermiddlewares.httpauth.HttpAuthMiddleware',
 'scrapy.downloadermiddlewares.downloadtimeout.DownloadTimeoutMiddleware',
 'scrapy.downloadermiddlewares.defaultheaders.DefaultHeadersMiddleware',
 'scrapy.downloadermiddlewares.useragent.UserAgentMiddleware',
 'scrapy.downloadermiddlewares.retry.RetryMiddleware',
 'scrapy.downloadermiddlewares.redirect.MetaRefreshMiddleware',
 'scrapy.downloadermiddlewares.httpcompression.HttpCompressionMiddleware',
 'scrapy.downloadermiddlewares.redirect.RedirectMiddleware',
 'scrapy.downloadermiddlewares.cookies.CookiesMiddleware',
 'scrapy.downloadermiddlewares.httpproxy.HttpProxyMiddleware',
 'scrapy.downloadermiddlewares.stats.DownloaderStats']
2019-04-05 23:05:42 [scrapy.middleware] INFO: Enabled spider middlewares:
['scrapy.spidermiddlewares.httperror.HttpErrorMiddleware',
 'scrapy.spidermiddlewares.offsite.OffsiteMiddleware',
 'scrapy.spidermiddlewares.referer.RefererMiddleware',
 'scrapy.spidermiddlewares.urllength.UrlLengthMiddleware',
 'scrapy.spidermiddlewares.depth.DepthMiddleware']
2019-04-05 23:05:42 [scrapy.middleware] INFO: Enabled item pipelines:
['newsReptile.pipelines.NewsreptilePipeline']
2019-04-05 23:05:42 [scrapy.core.engine] INFO: Spider opened
2019-04-05 23:05:42 [scrapy.extensions.logstats] INFO: Crawled 0 pages (at 0 pages/min), scraped 0 items (at 0 items/min)
2019-04-05 23:05:42 [scrapy.extensions.telnet] INFO: Telnet console listening on 127.0.0.1:6023
2019-04-05 23:05:42 [scrapy.core.engine] DEBUG: Crawled (404) <GET http://gzdaily.dayoo.com/robots.txt> (referer: None)
2019-04-05 23:05:43 [scrapy.core.engine] DEBUG: Crawled (200) <GET http://gzdaily.dayoo.com/pc/html/2019-04/04/index_2019-04-04.htm> (referer: None)
2019-04-05 23:05:43 [scrapy.core.engine] DEBUG: Crawled (200) <GET http://gzdaily.dayoo.com/pc/html/2019-04/04/content_108281_594854.htm> (referer: http://gzdaily.dayoo.com/pc/html/2019-04/04/index_2019-04-04.htm)
2019-04-05 23:05:43 [scrapy.core.engine] DEBUG: Crawled (200) <GET http://gzdaily.dayoo.com/pc/html/2019-04/04/content_108278_594840.htm> (referer: http://gzdaily.dayoo.com/pc/html/2019-04/04/index_2019-04-04.htm)
2019-04-05 23:05:43 [scrapy.core.engine] DEBUG: Crawled (200) <GET http://gzdaily.dayoo.com/pc/html/2019-04/04/content_108281_594859.htm> (referer: http://gzdaily.dayoo.com/pc/html/2019-04/04/index_2019-04-04.htm)
2019-04-05 23:05:43 [scrapy.core.engine] DEBUG: Crawled (200) <GET http://gzdaily.dayoo.com/pc/html/2019-04/04/content_108278_594839.htm> (referer: http://gzdaily.dayoo.com/pc/html/2019-04/04/index_2019-04-04.htm)
2019-04-05 23:05:43 [scrapy.core.engine] DEBUG: Crawled (200) <GET http://gzdaily.dayoo.com/pc/html/2019-04/04/content_108281_594855.htm> (referer: http://gzdaily.dayoo.com/pc/html/2019-04/04/index_2019-04-04.htm)
2019-04-05 23:05:43 [scrapy.core.engine] DEBUG: Crawled (200) <GET http://gzdaily.dayoo.com/pc/html/2019-04/04/content_108278_594842.htm> (referer: http://gzdaily.dayoo.com/pc/html/2019-04/04/index_2019-04-04.htm)
2019-04-05 23:05:43 [scrapy.core.engine] DEBUG: Crawled (200) <GET http://gzdaily.dayoo.com/pc/html/2019-04/04/content_108278_594841.htm> (referer: http://gzdaily.dayoo.com/pc/html/2019-04/04/index_2019-04-04.htm)
2019-04-05 23:05:43 [scrapy.core.engine] DEBUG: Crawled (200) <GET http://gzdaily.dayoo.com/pc/html/2019-04/04/content_108281_594858.htm> (referer: http://gzdaily.dayoo.com/pc/html/2019-04/04/index_2019-04-04.htm)
2019-04-05 23:05:43 [scrapy.core.engine] DEBUG: Crawled (200) <GET http://gzdaily.dayoo.com/pc/html/2019-04/04/content_108281_594857.htm> (referer: http://gzdaily.dayoo.com/pc/html/2019-04/04/index_2019-04-04.htm)
2019-04-05 23:05:44 [scrapy.core.scraper] DEBUG: Scraped from <200 http://gzdaily.dayoo.com/pc/html/2019-04/04/content_108281_594855.htm>
{'date': '2019-04-05',
 'keyword': '习近平',
 'source': '广州日报',
 'text': '据新华社北京4月3日电\xa0'
         '为期两天的第十四次全国民政会议3日在京闭幕。会议全面总结了党的十八大以来民政事业的历史性成就，部署了新时代民政工作的重点任务，擘画了未来一个阶段民政工作的重点布局和实施方略。\n'
         '党的十八大以来，我国民政事业取得一系列新进展新成效，有力服务了改革发展稳定大局。通过这次会议的总结和梳理，民政工作即将开启全新征程。\n'
         '这是一次准确把握新时代民政工作职责定位的大会——\n'
         '习近平总书记在对民政工作作出重要指示时强调，各级民政部门要加强党的建设，坚持改革创新，聚焦脱贫攻坚，聚焦特殊群体，聚焦群众关切，更好履行基本民生保障、基层社会治理、基本社会服务等职责，为全面建成小康社会、全面建设社会主义现代化国家作出新的贡献。\n'
         '李克强总理在讲话中指出，民政工作直接面对人民群众，是社会治理和社会服务的重要组成部分，是扶危济困的德政善举。同时也对民政工作提出了具体要求。\n'
         '民政部部长黄树贤表示，“民政工作关系民生、连着民心”是对民政工作重大政治意义的生动阐释。通过这次大会，新时代民政工作的职责定位更加清晰。\n'
         '这是一次为新时代民政工作凝心聚力的大会——\n'
         '会议期间，大家纷纷表示，要进一步领会新时代民政工作的职责、定位、思路、目标、任务、措施、方法，进一步认识各级党委和政府领导本地区民政工作的主体责任，进一步增强推动新时代民政事业改革发展的思想自觉和行动自觉。\n'
         '“民心是最大的政治，做好新时代民政工作，最能体现共产党全心全意为人民服务的宗旨，最能体现社会主义制度的优越性，最能体现党和国家对困难群众的关心关爱。”一名地方代表在会议发言时感慨良多。\n'
         '这是一次明确新时代民政工作方向与着力点的大会——\n'
         '数据统计，2013年至2018年，中央财政累计投入城乡低保、医疗救助、特困供养、临时救助等资金8400多亿元，城乡低保标准年均增长9.2％、14.7％。2018年底，我国各类养老机构和设施达16.38万个，养老服务床位746.3万张。\n'
         '如何进一步做好民政各项工作？黄树贤在会上指出了一系列方向：要深刻认识民政工作的政治性、兜底性、基础性特点，在财政支出中加大对民政事业的倾斜，保证对困难群众基本生活保障的投入只增不减；要完善和落实县级政府领导牵头的困难群众生活保障机制，解决现行政策难以有效保障、群众又急需紧迫的突出困难问题，织密兜牢基本民生安全网底；要把提升基层民政服务能力作为当前和今后一个时期一项重要的民生工程，加强县、乡、村民政工作力量配备，通过有效方式充实基层民政工作力量……\n'
         '与会的各地民政部门负责人纷纷表示，将通过强化兜底保障，开展精准救助，完善分类保障、分类帮扶等举措，坚决打赢脱贫攻坚战，不断夯实“民政为民、为民爱民”的根基。',
 'title': '让春天的阳光温暖人心',
 'url': 'http://gzdaily.dayoo.com/pc/html/2019-04/04/content_108281_594855.htm'}
2019-04-05 23:05:44 [scrapy.core.engine] DEBUG: Crawled (200) <GET http://gzdaily.dayoo.com/pc/html/2019-04/04/content_108277_594837.htm> (referer: http://gzdaily.dayoo.com/pc/html/2019-04/04/index_2019-04-04.htm)
2019-04-05 23:05:44 [scrapy.core.engine] DEBUG: Crawled (200) <GET http://gzdaily.dayoo.com/pc/html/2019-04/04/content_108281_594856.htm> (referer: http://gzdaily.dayoo.com/pc/html/2019-04/04/index_2019-04-04.htm)
2019-04-05 23:05:44 [scrapy.core.engine] DEBUG: Crawled (200) <GET http://gzdaily.dayoo.com/pc/html/2019-04/04/content_108278_594838.htm> (referer: http://gzdaily.dayoo.com/pc/html/2019-04/04/index_2019-04-04.htm)
2019-04-05 23:05:44 [scrapy.core.scraper] DEBUG: Scraped from <200 http://gzdaily.dayoo.com/pc/html/2019-04/04/content_108281_594856.htm>
{'date': '2019-04-05',
 'keyword': '习近平',
 'source': '广州日报',
 'text': '广州日报讯\xa0（全媒体记者吴城华\xa0'
         '通讯员史伟宗、穗商宣）昨日，“广州：老城市新活力”2019中国广州国际投资年会在白云国际会议中心举行全体会议。市委书记张硕辅致辞。市委副书记、市长温国辉作主题推介。市人大常委会主任陈建华、市政协主席刘悦伦出席。副市长王东主持。大型国企、外企、民企和金融机构高层，驻穗领馆官员，社会知名人士，高等院校和科研机构负责人，省有关单位及外省市有关负责人等1000多名嘉宾参加。\n'
         '张硕辅代表市委、市政府对与会嘉宾表示欢迎。他说，广州坚持以习近平新时代中国特色社会主义思想为指导，深入学习贯彻习近平总书记对广东重要讲话和重要指示批示精神，紧紧扭住粤港澳大湾区建设这个“纲”，着力提升大湾区区域发展核心引擎功能，建设科技创新强市、先进制造业强市、现代服务业强市、文化强市，打造平安广州、美丽广州、幸福广州，努力在全省实现“四个走在全国前列”、当好“两个重要窗口”中勇当排头兵。实现宏伟目标、美好愿景，需要更多企业共同参与。广州将围绕提升企业获得感和满意度，充分发挥千载商埠深厚底蕴，进一步深化营商环境改革，全面落实减税降费、支持实体经济和民营经济发展各项政策措施，加快建立与国际高标准投资贸易规则相衔接的规则和制度体系，大力提高政务服务、产业协同配套、生产要素流动、人员往来和生活服务便利化水平，着力构建亲清新型政商关系，优化对企业的服务与支持。围绕打造粤港澳大湾区宜居宜业宜游优质生活圈，用绣花功夫加强城市规划建设服务管理，坚决打好污染防治攻坚战、黑臭水体剿灭战，扎实推进白云山、越秀山还绿于民、还景于民工程，深化干净整洁平安有序城市环境建设，焕发云山珠水、吉祥花城的无穷魅力。希望各位嘉宾更多关注广州、宣传推介广州，为广州发展出谋划策。期盼更多朋友到广州投资兴业，共同在新时代展现新气象、实现新作为。\n'
         '温国辉介绍了广州的发展机遇和投资环境。他说，广州是有2230多年建城史的老城市，老城市有老城市的味道，老城市有老城市的底蕴，老城市更有老城市的机遇。广州发展空间广阔、营商环境优越、产业体系完备、人居环境良好。《粤港澳大湾区发展规划纲要》明确的广州城市定位，充分表明国家对广州未来发展寄予很高期望。广州紧扭粤港澳大湾区建设的“纲”，围绕实现老城市新活力，加快推进重点功能平台和重大创新平台建设，深化建设枢纽型网络城市，营造现代化国际化营商环境，构建以战略性新兴产业为引领、现代服务业为主导、先进制造业为支撑、都市型农业为补充的综合型现代产业体系，建设水更清、天更蓝、空气更清新、服务更周到、更加宜居宜业宜游的城市环境，努力打造全球企业投资首选地和最佳发展地。\n'
         '中国工商银行副行长谭炯，阿里巴巴集团副总裁郭继军，以色列前首席科学家、前工贸部部长苏格·基莱特曼，雪松控股集团董事局主席张劲，美国高通公司全球副总裁沈劲，粤港澳大湾区企业家联盟主席、香港新华集团主席蔡冠深，紫光集团联席总裁于英涛，新加坡国家工程院院士、佳都新太科技股份公司副总裁李德纮先后作主题发言，表示将抓住粤港澳大湾区建设重大机遇，进一步深化与广州的交流合作，助力广州实现老城市新活力。\n'
         '全体会议结束后，广州市政府与6家企业签署合作协议，签约项目主要集中在新一代信息技术、金融投资、生物医药等领域。\n'
         '（下转2版）\n'
         '（紧接1版）随后，参会领导和嘉宾参观了科技创新成果展。\n'
         '紫光集团董事长兼首席执行官赵伟国，香港合和实业公司主席胡应湘，粤港澳大湾区战略发展研究院院长刘毅，中国南方电网公司副总经理陈允鹏，国家开发投资集团副总裁杜文民，马士基码头公司大中华区总裁闵国忠，清远市政协主席梁志强，中国南方航空股份公司副总经理任积东，澳门国际银行股份公司副总经理兼广州分行总经理郭奕明，海富国际金融控股公司主席陈健文，中国网总编辑王晓辉，招商局集团副总经理王宏，中铁股份公司执行董事章献，中国船舶工业集团副总经济师马云翔，中国铁建股份公司副总裁倪真，法国索迪斯集团中国副总裁吴德马，省商务厅副厅长陈越华，省机场管理集团董事长张克俭，南方财经全媒体集团党委书记、董事长王义军，长城会联席首席执行官、科学复兴集团董事长郝毅，深兰科技（上海）公司董事长陈海波，长长会管理顾问（北京）公司董事长张明，北京市文化投资发展集团董事长周茂非，中国联通网络技术研究院院长张涌，中国光大控股公司执行董事兼首席投资官张明翱，日立电梯（中国）公司总裁兼首席运营官贾宇辉，香港生物科技协会主席于常海，广州市领导王世彤、潘建国、卢一先、蔡朝林、黎明、姚建明等参加。\n'
         '据悉，本次年会举办22场专题分会，包括粤港澳大湾区建设、产业发展研讨、精准扶贫和对口帮扶、广州城市形象推介以及11个区招商平台推介等主题。',
 'title': '聚焦粤港澳大湾区建设 共享发展机遇实现合作共赢',
 'url': 'http://gzdaily.dayoo.com/pc/html/2019-04/04/content_108281_594856.htm'}
2019-04-05 23:05:44 [scrapy.core.engine] DEBUG: Crawled (200) <GET http://gzdaily.dayoo.com/pc/html/2019-04/04/content_108259_594736.htm> (referer: http://gzdaily.dayoo.com/pc/html/2019-04/04/index_2019-04-04.htm)
2019-04-05 23:05:44 [scrapy.core.engine] DEBUG: Crawled (200) <GET http://gzdaily.dayoo.com/pc/html/2019-04/04/content_108277_594835.htm> (referer: http://gzdaily.dayoo.com/pc/html/2019-04/04/index_2019-04-04.htm)
2019-04-05 23:05:44 [scrapy.core.engine] DEBUG: Crawled (200) <GET http://gzdaily.dayoo.com/pc/html/2019-04/04/content_108266_594778.htm> (referer: http://gzdaily.dayoo.com/pc/html/2019-04/04/index_2019-04-04.htm)
2019-04-05 23:05:44 [scrapy.core.engine] DEBUG: Crawled (200) <GET http://gzdaily.dayoo.com/pc/html/2019-04/04/content_108276_594833.htm> (referer: http://gzdaily.dayoo.com/pc/html/2019-04/04/index_2019-04-04.htm)
2019-04-05 23:05:44 [scrapy.core.engine] DEBUG: Crawled (200) <GET http://gzdaily.dayoo.com/pc/html/2019-04/04/content_108266_594777.htm> (referer: http://gzdaily.dayoo.com/pc/html/2019-04/04/index_2019-04-04.htm)
2019-04-05 23:05:44 [scrapy.core.engine] DEBUG: Crawled (200) <GET http://gzdaily.dayoo.com/pc/html/2019-04/04/content_108266_594776.htm> (referer: http://gzdaily.dayoo.com/pc/html/2019-04/04/index_2019-04-04.htm)
2019-04-05 23:05:44 [scrapy.core.engine] DEBUG: Crawled (200) <GET http://gzdaily.dayoo.com/pc/html/2019-04/04/content_108276_594834.htm> (referer: http://gzdaily.dayoo.com/pc/html/2019-04/04/index_2019-04-04.htm)
2019-04-05 23:05:44 [scrapy.core.engine] DEBUG: Crawled (200) <GET http://gzdaily.dayoo.com/pc/html/2019-04/04/content_108277_594836.htm> (referer: http://gzdaily.dayoo.com/pc/html/2019-04/04/index_2019-04-04.htm)
2019-04-05 23:05:44 [scrapy.core.scraper] DEBUG: Scraped from <200 http://gzdaily.dayoo.com/pc/html/2019-04/04/content_108278_594838.htm>
{'date': '2019-04-05',
 'keyword': '习近平',
 'source': '广州日报',
 'text': '\xa0本报评论员\n'
         '选择广州，拥抱机遇。4月2日、3日，2019中国广州国际投资年会在白云国际会议中心举行。本次投资年会以“广州：老城市\xa0'
         '新活力”为主题，全体大会参会嘉宾、行业领军企业等均创历年最高纪录，显示着广州国际影响力、辐射力不断提升。\n'
         '一滴水可以反映太阳的光辉。广州国际投资年会已连续举办5届，是广州推动国际合作交流的高端平台、展示城市开放形象的最佳窗口、传播友谊文化的重要桥梁。会场内思想激荡、观点交锋，干货满满；会场外的参观考察、文化互动，引人入胜；一个个优质项目签约落地，分量十足；各种尖端科技集中亮相，“强势”圈粉……广州国际投资年会是一扇窗口，展现着广州生机勃勃、开放包容、魅力四射的城市风采，让海内外投资者一睹广州的发展潜力、广阔未来。\n'
         '选择广州，共享重大机遇。“所当乘者势也，不可失者时也”。敏锐发现机遇，才能占得先机；紧紧抓住、用好机遇，才能赢得主动。当前，广州正深入学习贯彻习近平总书记对广东重要讲话和重要指示批示精神，围绕实现老城市新活力、“四个出新出彩”的目标要求，紧紧扭住粤港澳大湾区建设这个“纲”，着力提升大湾区区域发展核心引擎功能。定位高远，目标清晰，广州肩负着更高使命、承担着更大责任。而这意味着，广州发展迎来重大战略机遇，开放程度将更高、枢纽功能将更强、城市能级和影响力将不断提升，将为海内外投资者带来重大机遇、提供巨大商机。\n'
         '选择广州，共享一流环境。今年将开办企业时间压减至2.5个工作日内，“线上一网通办、线下只进一扇门、现场办理最多跑一次”，获得电力最快可实现“零审批、零成本、零跑动”……日前，广州出台《广州市进一步优化营商环境的若干措施》，深入实施营商环境2.0改革，力度大，魄力足，在打造全球企业投资首选地和最佳发展地上迈出铿锵脚步。当然，一流环境不仅来自改革决心、改革魄力，还有开放包容的城市氛围、姹紫嫣红的花城美景、悠久厚重的文化底蕴、令人垂涎的“食在广州”……在广州国际投资年会上，海内外投资者对广州环境赞不绝口；今年初，华南美国商会将广州评为中国大陆最佳投资地的首选；一批大项目好项目，近年来争相进驻——这都与广州优质的城乡环境、对标国际一流的营商环境直接相关。\n'
         '选择广州，共享澎湃动能。广州国际投资年会设立的“科技创新成果展”，总是分外抢镜。自动驾驶汽车、“云XR+5G技术”、中药DNA条形码鉴定、手语翻译智能手套，一个个来自广州的尖端科技成果，正是广州全力推动经济发展质量变革、效率变革、动力变革的生动侧影。当前，广州着力打造国际科技创新枢纽，持续提高全球资源配置能力，建设科技创新强市、先进制造业强市等，在全球城市的产业新赛道上不断加速。也因此，世界经济论坛执行主席施瓦布教授将广州视为“第四次工业革命的最佳实践地”。志在领跑的产业布局、不断释放的创新活力、日渐凸显的人才集聚效应，有待更多创新创业者在广州大施拳脚、大展宏图。\n'
         '一年之计在于春，春天是播种的季节。在春天的花城播下希望的种子，必将收获发展的硕果。广州正紧抓招商引资这个经济工作的“牛鼻子”，着力提升引资引技引智成效，以国际投资年会为契机加强企业对接服务和项目跟进落实，让海内外的投资者与广州携手合作，互利共赢，共享广州机遇，共创美好未来！',
 'title': '共享广州机遇 共创美好未来',
 'url': 'http://gzdaily.dayoo.com/pc/html/2019-04/04/content_108278_594838.htm'}
2019-04-05 23:05:44 [scrapy.core.scraper] DEBUG: Scraped from <200 http://gzdaily.dayoo.com/pc/html/2019-04/04/content_108276_594833.htm>
{'date': '2019-04-05',
 'keyword': '习近平',
 'source': '广州日报',
 'text': '广州日报讯\xa0'
         '4月2日至3日，副省长欧阳卫民率调研组赴中山市调研粤港澳大湾区建设以及金融、商务工作，深入中山保税物流中心、深中通道登陆点，了解综合保税区申报、深中通道建设及翠亨新区马鞍岛规划建设等工作情况，召开座谈会研究中山市金融商务工作。\n'
         '欧阳卫民强调，中山市要深入学习贯彻习近平总书记对广东重要讲话和重要指示批示精神，紧紧抓住粤港澳大湾区建设重大机遇，高标准建设翠亨新区，发挥中山密切联系港澳的深厚人文优势，吸引更多的港澳青年到中山创新创业。要进一步扩大对外开放，加大进口力度，以进口带动出口，满足人民群众对美好生活的向往。坚持“引进来”和“走出去”相结合，积极引进外资，支持本地企业拓展国际市场。要深挖当地金融潜力，扶持金融行业做大做强，加强金融服务实体经济能力。要加快推动深中通道的建设，充分发挥中山区位优势，把握机遇、集聚高端要素资源，推动中山高质量发展。',
 'title': '省领导赴中山调研',
 'url': 'http://gzdaily.dayoo.com/pc/html/2019-04/04/content_108276_594833.htm'}
2019-04-05 23:05:44 [scrapy.core.engine] DEBUG: Crawled (200) <GET http://gzdaily.dayoo.com/pc/html/2019-04/04/content_108266_594773.htm> (referer: http://gzdaily.dayoo.com/pc/html/2019-04/04/index_2019-04-04.htm)
2019-04-05 23:05:44 [scrapy.core.scraper] DEBUG: Scraped from <200 http://gzdaily.dayoo.com/pc/html/2019-04/04/content_108276_594834.htm>
{'date': '2019-04-05',
 'keyword': '习近平',
 'source': '广州日报',
 'text': '广州日报讯\xa0（全媒体记者吴城华\xa0'
         '通讯员史伟宗、穗商宣）昨日，“广州：老城市新活力”2019中国广州国际投资年会在白云国际会议中心举行全体会议。市委书记张硕辅致辞。市委副书记、市长温国辉作主题推介。市人大常委会主任陈建华、市政协主席刘悦伦出席。副市长王东主持。大型国企、外企、民企和金融机构高层，驻穗领馆官员，社会知名人士，高等院校和科研机构负责人，省有关单位及外省市有关负责人等1000多名嘉宾参加。\n'
         '张硕辅代表市委、市政府对与会嘉宾表示欢迎。他说，广州坚持以习近平新时代中国特色社会主义思想为指导，深入学习贯彻习近平总书记对广东重要讲话和重要指示批示精神，紧紧扭住粤港澳大湾区建设这个“纲”，着力提升大湾区区域发展核心引擎功能，建设科技创新强市、先进制造业强市、现代服务业强市、文化强市，打造平安广州、美丽广州、幸福广州，努力在全省实现“四个走在全国前列”、当好“两个重要窗口”中勇当排头兵。实现宏伟目标、美好愿景，需要更多企业共同参与。广州将围绕提升企业获得感和满意度，充分发挥千载商埠深厚底蕴，进一步深化营商环境改革，全面落实减税降费、支持实体经济和民营经济发展各项政策措施，加快建立与国际高标准投资贸易规则相衔接的规则和制度体系，大力提高政务服务、产业协同配套、生产要素流动、人员往来和生活服务便利化水平，着力构建亲清新型政商关系，优化对企业的服务与支持。围绕打造粤港澳大湾区宜居宜业宜游优质生活圈，用绣花功夫加强城市规划建设服务管理，坚决打好污染防治攻坚战、黑臭水体剿灭战，扎实推进白云山、越秀山还绿于民、还景于民工程，深化干净整洁平安有序城市环境建设，焕发云山珠水、吉祥花城的无穷魅力。希望各位嘉宾更多关注广州、宣传推介广州，为广州发展出谋划策。期盼更多朋友到广州投资兴业，共同在新时代展现新气象、实现新作为。\n'
         '温国辉介绍了广州的发展机遇和投资环境。他说，广州是有2230多年建城史的老城市，老城市有老城市的味道，老城市有老城市的底蕴，老城市更有老城市的机遇。广州发展空间广阔、营商环境优越、产业体系完备、人居环境良好。《粤港澳大湾区发展规划纲要》明确的广州城市定位，充分表明国家对广州未来发展寄予很高期望。广州紧扭粤港澳大湾区建设的“纲”，围绕实现老城市新活力，加快推进重点功能平台和重大创新平台建设，深化建设枢纽型网络城市，营造现代化国际化营商环境，构建以战略性新兴产业为引领、现代服务业为主导、先进制造业为支撑、都市型农业为补充的综合型现代产业体系，建设水更清、天更蓝、空气更清新、服务更周到、更加宜居宜业宜游的城市环境，努力打造全球企业投资首选地和最佳发展地。\n'
         '中国工商银行副行长谭炯，阿里巴巴集团副总裁郭继军，以色列前首席科学家、前工贸部部长苏格·基莱特曼，雪松控股集团董事局主席张劲，美国高通公司全球副总裁沈劲，粤港澳大湾区企业家联盟主席、香港新华集团主席蔡冠深，紫光集团联席总裁于英涛，新加坡国家工程院院士、佳都新太科技股份公司副总裁李德纮先后作主题发言，表示将抓住粤港澳大湾区建设重大机遇，进一步深化与广州的交流合作，助力广州实现老城市新活力。\n'
         '全体会议结束后，广州市政府与6家企业签署合作协议，签约项目主要集中在新一代信息技术、金融投资、生物医药等领域。\n'
         '（下转2版）\n'
         '（紧接1版）随后，参会领导和嘉宾参观了科技创新成果展。\n'
         '紫光集团董事长兼首席执行官赵伟国，香港合和实业公司主席胡应湘，粤港澳大湾区战略发展研究院院长刘毅，中国南方电网公司副总经理陈允鹏，国家开发投资集团副总裁杜文民，马士基码头公司大中华区总裁闵国忠，清远市政协主席梁志强，中国南方航空股份公司副总经理任积东，澳门国际银行股份公司副总经理兼广州分行总经理郭奕明，海富国际金融控股公司主席陈健文，中国网总编辑王晓辉，招商局集团副总经理王宏，中铁股份公司执行董事章献，中国船舶工业集团副总经济师马云翔，中国铁建股份公司副总裁倪真，法国索迪斯集团中国副总裁吴德马，省商务厅副厅长陈越华，省机场管理集团董事长张克俭，南方财经全媒体集团党委书记、董事长王义军，长城会联席首席执行官、科学复兴集团董事长郝毅，深兰科技（上海）公司董事长陈海波，长长会管理顾问（北京）公司董事长张明，北京市文化投资发展集团董事长周茂非，中国联通网络技术研究院院长张涌，中国光大控股公司执行董事兼首席投资官张明翱，日立电梯（中国）公司总裁兼首席运营官贾宇辉，香港生物科技协会主席于常海，广州市领导王世彤、潘建国、卢一先、蔡朝林、黎明、姚建明等参加。\n'
         '据悉，本次年会举办22场专题分会，包括粤港澳大湾区建设、产业发展研讨、精准扶贫和对口帮扶、广州城市形象推介以及11个区招商平台推介等主题。',
 'title': '聚焦粤港澳大湾区建设 共享发展机遇实现合作共赢',
 'url': 'http://gzdaily.dayoo.com/pc/html/2019-04/04/content_108276_594834.htm'}
2019-04-05 23:05:44 [scrapy.core.engine] DEBUG: Crawled (200) <GET http://gzdaily.dayoo.com/pc/html/2019-04/04/content_108266_594774.htm> (referer: http://gzdaily.dayoo.com/pc/html/2019-04/04/index_2019-04-04.htm)
2019-04-05 23:05:44 [scrapy.core.engine] DEBUG: Crawled (200) <GET http://gzdaily.dayoo.com/pc/html/2019-04/04/content_108268_594788.htm> (referer: http://gzdaily.dayoo.com/pc/html/2019-04/04/index_2019-04-04.htm)
2019-04-05 23:05:44 [scrapy.core.engine] DEBUG: Crawled (200) <GET http://gzdaily.dayoo.com/pc/html/2019-04/04/content_108269_594791.htm> (referer: http://gzdaily.dayoo.com/pc/html/2019-04/04/index_2019-04-04.htm)
2019-04-05 23:05:44 [scrapy.core.engine] DEBUG: Crawled (200) <GET http://gzdaily.dayoo.com/pc/html/2019-04/04/content_108269_594789.htm> (referer: http://gzdaily.dayoo.com/pc/html/2019-04/04/index_2019-04-04.htm)
2019-04-05 23:05:44 [scrapy.core.engine] DEBUG: Crawled (200) <GET http://gzdaily.dayoo.com/pc/html/2019-04/04/content_108265_594772.htm> (referer: http://gzdaily.dayoo.com/pc/html/2019-04/04/index_2019-04-04.htm)
2019-04-05 23:05:44 [scrapy.core.engine] DEBUG: Crawled (200) <GET http://gzdaily.dayoo.com/pc/html/2019-04/04/content_108265_594771.htm> (referer: http://gzdaily.dayoo.com/pc/html/2019-04/04/index_2019-04-04.htm)
2019-04-05 23:05:44 [scrapy.core.engine] DEBUG: Crawled (200) <GET http://gzdaily.dayoo.com/pc/html/2019-04/04/content_108266_594775.htm> (referer: http://gzdaily.dayoo.com/pc/html/2019-04/04/index_2019-04-04.htm)
2019-04-05 23:05:44 [scrapy.core.engine] DEBUG: Crawled (200) <GET http://gzdaily.dayoo.com/pc/html/2019-04/04/content_108269_594790.htm> (referer: http://gzdaily.dayoo.com/pc/html/2019-04/04/index_2019-04-04.htm)
2019-04-05 23:05:44 [scrapy.core.engine] DEBUG: Crawled (200) <GET http://gzdaily.dayoo.com/pc/html/2019-04/04/content_108268_594786.htm> (referer: http://gzdaily.dayoo.com/pc/html/2019-04/04/index_2019-04-04.htm)
2019-04-05 23:05:45 [scrapy.core.scraper] DEBUG: Scraped from <200 http://gzdaily.dayoo.com/pc/html/2019-04/04/content_108265_594771.htm>
{'date': '2019-04-05',
 'keyword': '习近平',
 'source': '广州日报',
 'text': '为深入贯彻落实习近平新时代中国特色社会主义思想和党的十九大精神，积极培育和践行社会主义核心价值观，大力弘扬“奉献、友爱、互助、进步”的志愿精神，进一步推进学雷锋志愿服务制度化常态化，市委宣传部、市文明办等部门组织开展了2018年广州市宣传推选学雷锋志愿服务先进典型活动。\n'
         '经逐级推荐、层层遴选、评审公示，于今年初评选出广州市学雷锋志愿服务先进典型35个，其中最美志愿服务社区5个。譬如在天河区前进街羊城花园社区，志愿服务队年累计服务时数近10000小时。他们身体力行发挥示范带动作用，以自觉行动促进着广州学雷锋志愿服务事业发展。\n'
         '文、图/广州日报全媒体记者何道岚\xa0通讯员穗文明\n'
         '花都区秀全街花港社区：南漂大妈化身“秀全大妈”\xa0\n'
         '为弘扬奉献友爱互助进步的志愿精神，花港社区积极推进“最美志愿服务社区”建设，建立以南漂大妈为主体的“秀全大妈”平安志愿服务团队，倡导志愿服务理念。\n'
         '夯实志愿者队伍建设。成立“秀全大妈”平安志愿者队伍，设立党员服务、矛盾调解、治安巡逻、安置帮教等志愿者职能小组，在不同领域发挥各职能小组的积极作用。同时，完善志愿者服务各项机制，定期开展志愿者服务培训。相继成立了文艺舞蹈队、合唱团、太极队、模特队、民族舞蹈队、民族乐队、兰亭书法协会、摄影协会、乒乓球协会等。不断壮大基层“秀全大妈”志愿者组织工作力量，打造共建共治共享的社会治理格局。\n'
         '引领“秀全大妈”志愿团队参与社会治理。她们创新形式，在宣讲党的十九大精神、维持交通秩序、促进邻里关系、慰问困难群众、扫黑除恶、公益慈善活动、综治维稳、群防共治、卫生、禁毒、扫黄打非、防邪、计生、出租屋管理等方面成为营造共建共治共享社会治理格局的主力军。最突出的是“秀全大妈禁毒服务志愿队”，他们是禁毒辅助力量中重要的一支。她们以群众为基础作为禁毒宣传阵地，日常通过表演禁毒广场舞、唱禁毒歌曲、演小品、慰问吸毒人员家庭等多种方式进行禁毒宣传，曾给广东省内多个主流媒体称为禁毒奇兵，塑造新时代的广州经验品牌。营造人人关注禁毒、全民参与禁毒的良好社会氛围。\n'
         '设计有效活动载体，提高居民的获得感和幸福感。社区“秀全大妈”志愿者每逢春节、三八、端午、中秋、重阳等节日，都组织开展探访慰问活动，对辖区的特困、空巢、失独老人、残疾儿童进行走访慰问，关爱特殊人群，把政府的温暖和关怀带给他们。2018年1月16日在市民广场三楼举办“不忘初心，牢记使命”暨花港社区2018“迎新年邻里情，包饺子暖人心”党群活动日；3月8日举办“巾帼心向党，建功新时代”暨党群携手禁毒、反对家庭暴力、扬巾帼新作为、包饺子促和谐大型宣传活动、3月24日，社区举办“新时代的雷锋精神”志愿服务宣传活动、9月21日举办“党群同心，共庆中秋”百家宴拼菜包饺子活动；9月28日举办“走进新时代，最美夕阳红”大型文艺活动等，这些喜闻乐见的活动，给居民营造温馨、温暖的氛围，使每个居住在社区里的居民拥有更多的幸福感和归属感。\xa0\n'
         '番禺区桥南街番奥社区：不忘初心列“百项服务清单”\xa0\xa0\n'
         '一直以来，番奥社区坚持党建引领，加强基层思想政治党建和文明示范社区建设工作，有效提升社区精神文明各项建设工作水平，全力打造宜居、幸福、文明、和谐社区。番奥社区以志愿服务活动为载体，增强基层思想政治工作和文明创建的凝聚力。\n'
         '以党建创新作引领，健全服务工作机制。番奥社区于2013年7月1日成立了广东省首家以非公企业为主体的社区党委，通过推进“三个三计划”，进一步完善了以社区党组织为核心的社区工作机制，夯实了社区各项志愿服务活动工作的基础。一是推行“三项制度”。形成社区党组织、开发单位、居委会、物业管理公司、业主、家庭服务中心“六位一体”的共建共管机制；推行“党员服务社区制度”，组织283名居住在社区的在职党员在8小时以外继续为群众服务，构建扎根于群众的全覆盖、网格化的党组织联系服务群众体系。二是强化“三支队伍”。建设一支高素质的社区党组织书记队伍；建设一支专业化的社区党务工作者队伍；建设一支庞大的社区党员和群众志愿者队伍。三是搭建“三个平台”。建立600多平方米的党员群众综合服务平台，提供“一站式”服务；建立网站、电话热线、QQ群、电子邮箱、微信等多种网络服务平台，提供便捷化服务；建立康体中心、廉洁文化公园、画苑等文体休闲平台，开展常态化志愿服务活动。\n'
         '以志愿服务为载体，增强社区凝聚力。围绕“发挥社工专业技能、培育社会组织、助力社区建设”的目标，番奥社区积极探索“社区+社工+社会组织”的服务模式，实现多元共建文明社区。一是引进社工服务机构。番奥社区成立了家庭综合服务中心番奥社区分站，对青少年、幼儿及妇女、长者等重点人群开展服务，开设“430”“130”学堂，为中、小学生提供优质的课外作业辅导服务。二是大力培育社会组织。紧紧依托社区家庭服务中心的社会组织孵化基地，先后组建了微笑志愿服务队、治安巡逻志愿队、空巢老人关怀志愿队、文艺活动志愿服务队、文明教育志愿服务队、青少年关爱志愿服务队等队伍。三是建立服务项目清单。在社区党委党建引领下，番奥社区建立了“番奥社区不忘初心百项服务清单”，其中囊括社区“党员群众之家”“楼宇支部”“党群服务中心”等平台提供的100项服务。积极开展关爱空巢老人、法制宣传、垃圾分类宣讲等各类志愿服务活动。\n'
         '越秀区北京街仙湖社区：营造良好文化旅游氛围\xa0\n'
         '仙湖社区平安志愿服务队是“越秀邻里”平安志愿服务项目中的一支服务队，从2016年10月开始建队，是目前各支队伍中发展较为成熟的队伍，由志愿者骨干自主开展活动。\n'
         '服务队日常活动以社区巡逻为主，因为仙湖社区邻近北京路文化旅游区，所以每逢有重大节庆活动，平安志愿者都主动配合社区民警加强社区平安防控巡逻。由于仙湖社区邻近北京路文化旅游区、惠福路美食街等，会举办美食节、广府庙会等节庆活动，仙湖社区志愿者主动提高巡逻频次、扩大巡逻范围。另外在十九大召开、《财富》论坛举办期间，巡逻队员也积极响应支持安保工作。在巡逻过程中，随手解决社区问题，向居委和有关部门反馈社区问题和警情。\n'
         '除了开展日常社区巡逻活动外，仙湖社区组织志愿者开展节日探访，丰富志愿活动形式，如元宵节送汤圆，为长者送温暖送关爱。\n'
         '结合社区巡逻，协助居委开展专题宣传活动，如通过发放宣传资料、设立摊位宣传等，向街坊们宣传预防登革热、预防生活诈骗、扫黑除恶等宣传共发放各类宣传单及相关法律宣传资料3000余份，解答群众咨询200余人次，营造良好的社区氛围。\n'
         '天河区前进街羊城花园社区：义工每天捡拾白色垃圾\n'
         '前进街羊城花园志愿服务队于2014年12月13日成立，成立近四年来，从最初不足40人发展到现在有注册志愿者131人，义工服务领域也不断拓展，如探访社区空巢老人、帮助小区病患者、洁净社区环境及环保宣传、助残帮困、社区义演、关怀街头流浪者等。\n'
         '为净化社区环境，义工队自成立后，每月定期组织志愿者们开展捡拾社区白色垃圾，清洁环境常态化。为进一步打造更干净更美丽的社区环境，借创文明示范社区东风，从2018年3月起，志愿服务队发动志愿者每天不间断在社区卫生巡查驻点，并动员社区小朋友们积极参加。根据志愿者自愿报名，每个月提前排好“社区义工卫生巡查驻点表”，每天安排4名义工(上午2名、下午2名)在社区进行卫生巡查驻点，义工志愿者们捡拾社区路面及花草丛中的白色垃圾。同时，在巡查中对乱扔果皮纸屑、烟头等垃圾的现象及时阻止及劝导，倡导大家爱护社区环境。通过志愿者们每天卫生巡查驻点，社区环境有了很大改变，居民爱护环境的意识也大大提高，社区经常出现了祖孙义工、母子义工齐捡垃圾齐倡文明的亮丽风景。\n'
         '羊城花园志愿队还把对社区的温暖关爱延伸到大社会，从2017年7月起，羊城花园社区志愿服务队参加了广州市民政局、市义工联等组织的“社工十义工”关怀流浪者义务服务活动，以驻点服务的形式关怀流浪者，了解他们的生活状况、关心他们的生存困境，对他们进行耐心劝导，劝其返乡或送救助站接受救助等。目前，广州市天河区设有广州东站、体育西、车陂三个关怀流浪者驻点，目前，有40多名义工参与该服务项目。一年多来，在志愿服务队的爱心关怀和耐心劝导，已使10多名流浪者弃讨返乡和多名无意识流浪者找到了家人。志愿者们的辛勤付出，受到了市义工联和社工机构的高度肯定。\n'
         '2017年，羊城花园社区志愿服务队被广州市义工联评为“优秀义工服务组织”，有27名志愿者被市义工联授予金、银、铜牌志愿者称号，志愿服务队年累计服务时数超过5000小时。到目前为止，志愿服务队中义工年服务时数超200小时的义工已有30多人(达市义工联金牌义工标准)。2018年义工队约50名志愿者达到市义工联金、银、铜牌义工的表彰标准，志愿服务队年累计服务时数近10000小时。\n'
         '增城区永宁街凤凰城第二社区：志愿服务覆盖2.5万人\n'
         '成立于2015年8月的永宁街凤凰城第二社区居委会管辖面积约0.4平方公里，服务11个苑区，常住人口2.5万人，现登记在册志愿者约3300人，开展志愿文化活动近300场，并联合永宁街家庭综合服务中心成立“康乃馨”反家暴互助志愿队，与广东文艺职业学院建立“文艺志愿者服务基地”，整合校地资源，共同开展面向社区开展各类文艺志愿活动，弘扬学雷锋志愿服务精神，丰富居民精神文化生活。\n'
         '发挥党建引领作用，社区把志愿者工作纳入社区党支部的日常工作中，统一领导、统一布置，协调开展工作的机制，并结合社区特点，提出了\xa0'
         '“敬老、扶贫、助寡、育少”的创建思路和组织建设、阵地建设、机制建设、服务体系建设、活动载体建设的工作措施以及服务精心、居民生活安心、外地子女放心的工作目标。\n'
         '社区建立健全了一整套切合实际、操作性强的实施方案、规划、网络、职责、制度、办法、标准等，形成了纵向逐层监督与考核，横向协作联动的管理机制以及经费、措施、人员配套的保障体系。实行专职委员工作承诺制，接访落实制把广大妇女的诉求、建议，及时加以落实和改进，做到事事有交代，件件有落实，定期召开会议组织活动，按时上报各项工作信息、情况，使创建活动与工作有机结合两促进。\n'
         '在新时期大背景的推动下，为做好社区文化建设，社区居委会在上级党组织的正确领导下，结合社区实际打造永宁街凤凰城第二社区文化交流室，促进社区邻里关系，凝聚人心，营造共建共治共享社会治理格局。通过文化交流室为平台，开展形式多样的学雷锋志愿活动，其中包括“迎新春系列活动”“政策宣传系列”“传统节日庆祝系列”“志愿系列”“公益讲座系列”“党建活动系列”“社区环境整治”等特色活动，致力打造更加广阔的平台，进一步传承和发言学雷锋志愿精神。\n'
         '社区以“亮党员身份，树党员形象，尽党员义务，建和谐爱民”为主题，组织发动党员在社区内广泛开展党员义工服务活动。将社区划分成五个网格，每个网格区域内由党员、居委工作人员、物业管家、志愿者、司法员等5类人员组成。对所辖区域存在的安全隐患、环境卫生、百姓诉求、社情民意、影响稳定因素、社区建设意见等问题进行摸底。实施网格化管理以来，集中解决了社区内热点难点问题60余件，为社区创新工作的顺利开展奠定了良好的基础。\n'
         '学雷锋志愿服务先进典型之最美志愿服务社区\n'
         '越秀区北京街仙湖社区\n'
         '番禺区桥南街番奥社区\n'
         '花都区秀全街花港社区\n'
         '天河区前进街羊城花园社区\n'
         '增城区永宁街凤凰城第二社区',
 'title': '他们用志愿服务点亮社区',
 'url': 'http://gzdaily.dayoo.com/pc/html/2019-04/04/content_108265_594771.htm'}
2019-04-05 23:05:45 [scrapy.core.engine] DEBUG: Crawled (200) <GET http://gzdaily.dayoo.com/pc/html/2019-04/04/content_108252_594707.htm> (referer: http://gzdaily.dayoo.com/pc/html/2019-04/04/index_2019-04-04.htm)
2019-04-05 23:05:45 [scrapy.core.engine] DEBUG: Crawled (200) <GET http://gzdaily.dayoo.com/pc/html/2019-04/04/content_108259_594737.htm> (referer: http://gzdaily.dayoo.com/pc/html/2019-04/04/index_2019-04-04.htm)
2019-04-05 23:05:45 [scrapy.core.engine] DEBUG: Crawled (200) <GET http://gzdaily.dayoo.com/pc/html/2019-04/04/content_108268_594787.htm> (referer: http://gzdaily.dayoo.com/pc/html/2019-04/04/index_2019-04-04.htm)
2019-04-05 23:05:45 [scrapy.core.engine] DEBUG: Crawled (200) <GET http://gzdaily.dayoo.com/pc/html/2019-04/04/content_108259_594734.htm> (referer: http://gzdaily.dayoo.com/pc/html/2019-04/04/index_2019-04-04.htm)
2019-04-05 23:05:45 [scrapy.core.engine] DEBUG: Crawled (200) <GET http://gzdaily.dayoo.com/pc/html/2019-04/04/content_108259_594735.htm> (referer: http://gzdaily.dayoo.com/pc/html/2019-04/04/index_2019-04-04.htm)
2019-04-05 23:05:45 [scrapy.core.engine] DEBUG: Crawled (200) <GET http://gzdaily.dayoo.com/pc/html/2019-04/04/content_108252_594706.htm> (referer: http://gzdaily.dayoo.com/pc/html/2019-04/04/index_2019-04-04.htm)
2019-04-05 23:05:45 [scrapy.core.engine] DEBUG: Crawled (200) <GET http://gzdaily.dayoo.com/pc/html/2019-04/04/content_108259_594733.htm> (referer: http://gzdaily.dayoo.com/pc/html/2019-04/04/index_2019-04-04.htm)
2019-04-05 23:05:45 [scrapy.core.engine] DEBUG: Crawled (200) <GET http://gzdaily.dayoo.com/pc/html/2019-04/04/content_108259_594732.htm> (referer: http://gzdaily.dayoo.com/pc/html/2019-04/04/index_2019-04-04.htm)
2019-04-05 23:05:45 [scrapy.core.engine] DEBUG: Crawled (200) <GET http://gzdaily.dayoo.com/pc/html/2019-04/04/content_108259_594738.htm> (referer: http://gzdaily.dayoo.com/pc/html/2019-04/04/index_2019-04-04.htm)
2019-04-05 23:05:45 [scrapy.core.engine] DEBUG: Crawled (200) <GET http://gzdaily.dayoo.com/pc/html/2019-04/04/content_108252_594705.htm> (referer: http://gzdaily.dayoo.com/pc/html/2019-04/04/index_2019-04-04.htm)
2019-04-05 23:05:45 [scrapy.core.engine] DEBUG: Crawled (200) <GET http://gzdaily.dayoo.com/pc/html/2019-04/04/content_108252_594701.htm> (referer: http://gzdaily.dayoo.com/pc/html/2019-04/04/index_2019-04-04.htm)
2019-04-05 23:05:45 [scrapy.core.engine] DEBUG: Crawled (200) <GET http://gzdaily.dayoo.com/pc/html/2019-04/04/content_108252_594702.htm> (referer: http://gzdaily.dayoo.com/pc/html/2019-04/04/index_2019-04-04.htm)
2019-04-05 23:05:45 [scrapy.core.engine] DEBUG: Crawled (200) <GET http://gzdaily.dayoo.com/pc/html/2019-04/04/content_108252_594703.htm> (referer: http://gzdaily.dayoo.com/pc/html/2019-04/04/index_2019-04-04.htm)
2019-04-05 23:05:45 [scrapy.core.engine] DEBUG: Crawled (200) <GET http://gzdaily.dayoo.com/pc/html/2019-04/04/content_108258_594730.htm> (referer: http://gzdaily.dayoo.com/pc/html/2019-04/04/index_2019-04-04.htm)
2019-04-05 23:05:45 [scrapy.core.engine] DEBUG: Crawled (200) <GET http://gzdaily.dayoo.com/pc/html/2019-04/04/content_108252_594704.htm> (referer: http://gzdaily.dayoo.com/pc/html/2019-04/04/index_2019-04-04.htm)
2019-04-05 23:05:45 [scrapy.core.engine] DEBUG: Crawled (200) <GET http://gzdaily.dayoo.com/pc/html/2019-04/04/content_108264_594770.htm> (referer: http://gzdaily.dayoo.com/pc/html/2019-04/04/index_2019-04-04.htm)
2019-04-05 23:05:45 [scrapy.core.engine] DEBUG: Crawled (200) <GET http://gzdaily.dayoo.com/pc/html/2019-04/04/content_108258_594731.htm> (referer: http://gzdaily.dayoo.com/pc/html/2019-04/04/index_2019-04-04.htm)
2019-04-05 23:05:45 [scrapy.core.engine] DEBUG: Crawled (200) <GET http://gzdaily.dayoo.com/pc/html/2019-04/04/content_108258_594728.htm> (referer: http://gzdaily.dayoo.com/pc/html/2019-04/04/index_2019-04-04.htm)
2019-04-05 23:05:46 [scrapy.core.engine] DEBUG: Crawled (200) <GET http://gzdaily.dayoo.com/pc/html/2019-04/04/content_108264_594769.htm> (referer: http://gzdaily.dayoo.com/pc/html/2019-04/04/index_2019-04-04.htm)
2019-04-05 23:05:46 [scrapy.core.engine] DEBUG: Crawled (200) <GET http://gzdaily.dayoo.com/pc/html/2019-04/04/content_108264_594765.htm> (referer: http://gzdaily.dayoo.com/pc/html/2019-04/04/index_2019-04-04.htm)
2019-04-05 23:05:46 [scrapy.core.engine] DEBUG: Crawled (200) <GET http://gzdaily.dayoo.com/pc/html/2019-04/04/content_108258_594729.htm> (referer: http://gzdaily.dayoo.com/pc/html/2019-04/04/index_2019-04-04.htm)
2019-04-05 23:05:46 [scrapy.core.engine] DEBUG: Crawled (200) <GET http://gzdaily.dayoo.com/pc/html/2019-04/04/content_108264_594767.htm> (referer: http://gzdaily.dayoo.com/pc/html/2019-04/04/index_2019-04-04.htm)
2019-04-05 23:05:46 [scrapy.core.engine] DEBUG: Crawled (200) <GET http://gzdaily.dayoo.com/pc/html/2019-04/04/content_108264_594768.htm> (referer: http://gzdaily.dayoo.com/pc/html/2019-04/04/index_2019-04-04.htm)
2019-04-05 23:05:46 [scrapy.core.engine] DEBUG: Crawled (200) <GET http://gzdaily.dayoo.com/pc/html/2019-04/04/content_108257_594726.htm> (referer: http://gzdaily.dayoo.com/pc/html/2019-04/04/index_2019-04-04.htm)
2019-04-05 23:05:46 [scrapy.core.engine] DEBUG: Crawled (200) <GET http://gzdaily.dayoo.com/pc/html/2019-04/04/content_108264_594766.htm> (referer: http://gzdaily.dayoo.com/pc/html/2019-04/04/index_2019-04-04.htm)
2019-04-05 23:05:46 [scrapy.core.engine] DEBUG: Crawled (200) <GET http://gzdaily.dayoo.com/pc/html/2019-04/04/content_108257_594727.htm> (referer: http://gzdaily.dayoo.com/pc/html/2019-04/04/index_2019-04-04.htm)
2019-04-05 23:05:46 [scrapy.core.engine] DEBUG: Crawled (200) <GET http://gzdaily.dayoo.com/pc/html/2019-04/04/content_108263_594763.htm> (referer: http://gzdaily.dayoo.com/pc/html/2019-04/04/index_2019-04-04.htm)
2019-04-05 23:05:46 [scrapy.core.engine] DEBUG: Crawled (200) <GET http://gzdaily.dayoo.com/pc/html/2019-04/04/content_108257_594725.htm> (referer: http://gzdaily.dayoo.com/pc/html/2019-04/04/index_2019-04-04.htm)
2019-04-05 23:05:46 [scrapy.core.engine] DEBUG: Crawled (200) <GET http://gzdaily.dayoo.com/pc/html/2019-04/04/content_108257_594724.htm> (referer: http://gzdaily.dayoo.com/pc/html/2019-04/04/index_2019-04-04.htm)
2019-04-05 23:05:46 [scrapy.core.engine] DEBUG: Crawled (200) <GET http://gzdaily.dayoo.com/pc/html/2019-04/04/content_108257_594722.htm> (referer: http://gzdaily.dayoo.com/pc/html/2019-04/04/index_2019-04-04.htm)
2019-04-05 23:05:46 [scrapy.core.engine] DEBUG: Crawled (200) <GET http://gzdaily.dayoo.com/pc/html/2019-04/04/content_108257_594723.htm> (referer: http://gzdaily.dayoo.com/pc/html/2019-04/04/index_2019-04-04.htm)
2019-04-05 23:05:46 [scrapy.core.engine] DEBUG: Crawled (200) <GET http://gzdaily.dayoo.com/pc/html/2019-04/04/content_108263_594764.htm> (referer: http://gzdaily.dayoo.com/pc/html/2019-04/04/index_2019-04-04.htm)
2019-04-05 23:05:46 [scrapy.core.engine] DEBUG: Crawled (200) <GET http://gzdaily.dayoo.com/pc/html/2019-04/04/content_108273_594820.htm> (referer: http://gzdaily.dayoo.com/pc/html/2019-04/04/index_2019-04-04.htm)
2019-04-05 23:05:46 [scrapy.core.engine] DEBUG: Crawled (200) <GET http://gzdaily.dayoo.com/pc/html/2019-04/04/content_108263_594761.htm> (referer: http://gzdaily.dayoo.com/pc/html/2019-04/04/index_2019-04-04.htm)
2019-04-05 23:05:46 [scrapy.core.engine] DEBUG: Crawled (200) <GET http://gzdaily.dayoo.com/pc/html/2019-04/04/content_108263_594762.htm> (referer: http://gzdaily.dayoo.com/pc/html/2019-04/04/index_2019-04-04.htm)
2019-04-05 23:05:46 [scrapy.core.engine] DEBUG: Crawled (200) <GET http://gzdaily.dayoo.com/pc/html/2019-04/04/content_108273_594819.htm> (referer: http://gzdaily.dayoo.com/pc/html/2019-04/04/index_2019-04-04.htm)
2019-04-05 23:05:46 [scrapy.core.engine] DEBUG: Crawled (200) <GET http://gzdaily.dayoo.com/pc/html/2019-04/04/content_108273_594817.htm> (referer: http://gzdaily.dayoo.com/pc/html/2019-04/04/index_2019-04-04.htm)
2019-04-05 23:05:47 [scrapy.core.engine] DEBUG: Crawled (200) <GET http://gzdaily.dayoo.com/pc/html/2019-04/04/content_108256_594721.htm> (referer: http://gzdaily.dayoo.com/pc/html/2019-04/04/index_2019-04-04.htm)
2019-04-05 23:05:47 [scrapy.core.engine] DEBUG: Crawled (200) <GET http://gzdaily.dayoo.com/pc/html/2019-04/04/content_108256_594719.htm> (referer: http://gzdaily.dayoo.com/pc/html/2019-04/04/index_2019-04-04.htm)
2019-04-05 23:05:47 [scrapy.core.engine] DEBUG: Crawled (200) <GET http://gzdaily.dayoo.com/pc/html/2019-04/04/content_108256_594720.htm> (referer: http://gzdaily.dayoo.com/pc/html/2019-04/04/index_2019-04-04.htm)
2019-04-05 23:05:47 [scrapy.core.engine] DEBUG: Crawled (200) <GET http://gzdaily.dayoo.com/pc/html/2019-04/04/content_108256_594716.htm> (referer: http://gzdaily.dayoo.com/pc/html/2019-04/04/index_2019-04-04.htm)
2019-04-05 23:05:47 [scrapy.core.engine] DEBUG: Crawled (200) <GET http://gzdaily.dayoo.com/pc/html/2019-04/04/content_108256_594718.htm> (referer: http://gzdaily.dayoo.com/pc/html/2019-04/04/index_2019-04-04.htm)
2019-04-05 23:05:47 [scrapy.core.engine] DEBUG: Crawled (200) <GET http://gzdaily.dayoo.com/pc/html/2019-04/04/content_108273_594818.htm> (referer: http://gzdaily.dayoo.com/pc/html/2019-04/04/index_2019-04-04.htm)
2019-04-05 23:05:47 [scrapy.core.engine] DEBUG: Crawled (200) <GET http://gzdaily.dayoo.com/pc/html/2019-04/04/content_108262_594759.htm> (referer: http://gzdaily.dayoo.com/pc/html/2019-04/04/index_2019-04-04.htm)
2019-04-05 23:05:47 [scrapy.core.engine] DEBUG: Crawled (200) <GET http://gzdaily.dayoo.com/pc/html/2019-04/04/content_108262_594758.htm> (referer: http://gzdaily.dayoo.com/pc/html/2019-04/04/index_2019-04-04.htm)
2019-04-05 23:05:47 [scrapy.core.engine] DEBUG: Crawled (200) <GET http://gzdaily.dayoo.com/pc/html/2019-04/04/content_108256_594717.htm> (referer: http://gzdaily.dayoo.com/pc/html/2019-04/04/index_2019-04-04.htm)
2019-04-05 23:05:47 [scrapy.core.engine] DEBUG: Crawled (200) <GET http://gzdaily.dayoo.com/pc/html/2019-04/04/content_108256_594714.htm> (referer: http://gzdaily.dayoo.com/pc/html/2019-04/04/index_2019-04-04.htm)
2019-04-05 23:05:47 [scrapy.core.engine] DEBUG: Crawled (200) <GET http://gzdaily.dayoo.com/pc/html/2019-04/04/content_108262_594757.htm> (referer: http://gzdaily.dayoo.com/pc/html/2019-04/04/index_2019-04-04.htm)
2019-04-05 23:05:47 [scrapy.core.engine] DEBUG: Crawled (200) <GET http://gzdaily.dayoo.com/pc/html/2019-04/04/content_108262_594755.htm> (referer: http://gzdaily.dayoo.com/pc/html/2019-04/04/index_2019-04-04.htm)
2019-04-05 23:05:47 [scrapy.core.engine] DEBUG: Crawled (200) <GET http://gzdaily.dayoo.com/pc/html/2019-04/04/content_108262_594754.htm> (referer: http://gzdaily.dayoo.com/pc/html/2019-04/04/index_2019-04-04.htm)
2019-04-05 23:05:47 [scrapy.core.engine] DEBUG: Crawled (200) <GET http://gzdaily.dayoo.com/pc/html/2019-04/04/content_108256_594715.htm> (referer: http://gzdaily.dayoo.com/pc/html/2019-04/04/index_2019-04-04.htm)
2019-04-05 23:05:47 [scrapy.core.engine] DEBUG: Crawled (200) <GET http://gzdaily.dayoo.com/pc/html/2019-04/04/content_108262_594756.htm> (referer: http://gzdaily.dayoo.com/pc/html/2019-04/04/index_2019-04-04.htm)
2019-04-05 23:05:47 [scrapy.core.engine] DEBUG: Crawled (200) <GET http://gzdaily.dayoo.com/pc/html/2019-04/04/content_108262_594760.htm> (referer: http://gzdaily.dayoo.com/pc/html/2019-04/04/index_2019-04-04.htm)
2019-04-05 23:05:48 [scrapy.core.engine] DEBUG: Crawled (200) <GET http://gzdaily.dayoo.com/pc/html/2019-04/04/content_108260_594748.htm> (referer: http://gzdaily.dayoo.com/pc/html/2019-04/04/index_2019-04-04.htm)
2019-04-05 23:05:48 [scrapy.core.engine] DEBUG: Crawled (200) <GET http://gzdaily.dayoo.com/pc/html/2019-04/04/content_108262_594753.htm> (referer: http://gzdaily.dayoo.com/pc/html/2019-04/04/index_2019-04-04.htm)
2019-04-05 23:05:48 [scrapy.core.engine] DEBUG: Crawled (200) <GET http://gzdaily.dayoo.com/pc/html/2019-04/04/content_108260_594747.htm> (referer: http://gzdaily.dayoo.com/pc/html/2019-04/04/index_2019-04-04.htm)
2019-04-05 23:05:48 [scrapy.core.engine] DEBUG: Crawled (200) <GET http://gzdaily.dayoo.com/pc/html/2019-04/04/content_108260_594744.htm> (referer: http://gzdaily.dayoo.com/pc/html/2019-04/04/index_2019-04-04.htm)
2019-04-05 23:05:48 [scrapy.core.engine] DEBUG: Crawled (200) <GET http://gzdaily.dayoo.com/pc/html/2019-04/04/content_108260_594742.htm> (referer: http://gzdaily.dayoo.com/pc/html/2019-04/04/index_2019-04-04.htm)
2019-04-05 23:05:48 [scrapy.core.engine] DEBUG: Crawled (200) <GET http://gzdaily.dayoo.com/pc/html/2019-04/04/content_108260_594743.htm> (referer: http://gzdaily.dayoo.com/pc/html/2019-04/04/index_2019-04-04.htm)
2019-04-05 23:05:48 [scrapy.core.engine] DEBUG: Crawled (200) <GET http://gzdaily.dayoo.com/pc/html/2019-04/04/content_108260_594740.htm> (referer: http://gzdaily.dayoo.com/pc/html/2019-04/04/index_2019-04-04.htm)
2019-04-05 23:05:48 [scrapy.core.engine] DEBUG: Crawled (200) <GET http://gzdaily.dayoo.com/pc/html/2019-04/04/content_108255_594713.htm> (referer: http://gzdaily.dayoo.com/pc/html/2019-04/04/index_2019-04-04.htm)
2019-04-05 23:05:48 [scrapy.core.engine] DEBUG: Crawled (200) <GET http://gzdaily.dayoo.com/pc/html/2019-04/04/content_108260_594745.htm> (referer: http://gzdaily.dayoo.com/pc/html/2019-04/04/index_2019-04-04.htm)
2019-04-05 23:05:48 [scrapy.core.engine] DEBUG: Crawled (200) <GET http://gzdaily.dayoo.com/pc/html/2019-04/04/content_108255_594712.htm> (referer: http://gzdaily.dayoo.com/pc/html/2019-04/04/index_2019-04-04.htm)
2019-04-05 23:05:48 [scrapy.core.engine] DEBUG: Crawled (200) <GET http://gzdaily.dayoo.com/pc/html/2019-04/04/content_108260_594746.htm> (referer: http://gzdaily.dayoo.com/pc/html/2019-04/04/index_2019-04-04.htm)
2019-04-05 23:05:48 [scrapy.core.engine] DEBUG: Crawled (200) <GET http://gzdaily.dayoo.com/pc/html/2019-04/04/content_108261_594752.htm> (referer: http://gzdaily.dayoo.com/pc/html/2019-04/04/index_2019-04-04.htm)
2019-04-05 23:05:48 [scrapy.core.engine] DEBUG: Crawled (200) <GET http://gzdaily.dayoo.com/pc/html/2019-04/04/content_108261_594750.htm> (referer: http://gzdaily.dayoo.com/pc/html/2019-04/04/index_2019-04-04.htm)
2019-04-05 23:05:48 [scrapy.core.engine] DEBUG: Crawled (200) <GET http://gzdaily.dayoo.com/pc/html/2019-04/04/content_108261_594751.htm> (referer: http://gzdaily.dayoo.com/pc/html/2019-04/04/index_2019-04-04.htm)
2019-04-05 23:05:48 [scrapy.core.engine] DEBUG: Crawled (200) <GET http://gzdaily.dayoo.com/pc/html/2019-04/04/content_108254_594711.htm> (referer: http://gzdaily.dayoo.com/pc/html/2019-04/04/index_2019-04-04.htm)
2019-04-05 23:05:48 [scrapy.core.engine] DEBUG: Crawled (200) <GET http://gzdaily.dayoo.com/pc/html/2019-04/04/content_108254_594709.htm> (referer: http://gzdaily.dayoo.com/pc/html/2019-04/04/index_2019-04-04.htm)
2019-04-05 23:05:48 [scrapy.core.engine] DEBUG: Crawled (200) <GET http://gzdaily.dayoo.com/pc/html/2019-04/04/content_108260_594741.htm> (referer: http://gzdaily.dayoo.com/pc/html/2019-04/04/index_2019-04-04.htm)
2019-04-05 23:05:48 [scrapy.core.engine] DEBUG: Crawled (200) <GET http://gzdaily.dayoo.com/pc/html/2019-04/04/content_108270_594802.htm> (referer: http://gzdaily.dayoo.com/pc/html/2019-04/04/index_2019-04-04.htm)
2019-04-05 23:05:48 [scrapy.core.engine] DEBUG: Crawled (200) <GET http://gzdaily.dayoo.com/pc/html/2019-04/04/content_108270_594801.htm> (referer: http://gzdaily.dayoo.com/pc/html/2019-04/04/index_2019-04-04.htm)
2019-04-05 23:05:48 [scrapy.core.engine] DEBUG: Crawled (200) <GET http://gzdaily.dayoo.com/pc/html/2019-04/04/content_108270_594800.htm> (referer: http://gzdaily.dayoo.com/pc/html/2019-04/04/index_2019-04-04.htm)
2019-04-05 23:05:48 [scrapy.core.engine] DEBUG: Crawled (200) <GET http://gzdaily.dayoo.com/pc/html/2019-04/04/content_108260_594739.htm> (referer: http://gzdaily.dayoo.com/pc/html/2019-04/04/index_2019-04-04.htm)
2019-04-05 23:05:49 [scrapy.core.engine] DEBUG: Crawled (200) <GET http://gzdaily.dayoo.com/pc/html/2019-04/04/content_108270_594799.htm> (referer: http://gzdaily.dayoo.com/pc/html/2019-04/04/index_2019-04-04.htm)
2019-04-05 23:05:49 [scrapy.core.engine] DEBUG: Crawled (200) <GET http://gzdaily.dayoo.com/pc/html/2019-04/04/content_108261_594749.htm> (referer: http://gzdaily.dayoo.com/pc/html/2019-04/04/index_2019-04-04.htm)
2019-04-05 23:05:49 [scrapy.core.engine] DEBUG: Crawled (200) <GET http://gzdaily.dayoo.com/pc/html/2019-04/04/content_108270_594797.htm> (referer: http://gzdaily.dayoo.com/pc/html/2019-04/04/index_2019-04-04.htm)
2019-04-05 23:05:49 [scrapy.core.engine] DEBUG: Crawled (200) <GET http://gzdaily.dayoo.com/pc/html/2019-04/04/content_108270_594798.htm> (referer: http://gzdaily.dayoo.com/pc/html/2019-04/04/index_2019-04-04.htm)
2019-04-05 23:05:49 [scrapy.core.engine] DEBUG: Crawled (200) <GET http://gzdaily.dayoo.com/pc/html/2019-04/04/content_108270_594795.htm> (referer: http://gzdaily.dayoo.com/pc/html/2019-04/04/index_2019-04-04.htm)
2019-04-05 23:05:49 [scrapy.core.engine] DEBUG: Crawled (200) <GET http://gzdaily.dayoo.com/pc/html/2019-04/04/content_108270_594796.htm> (referer: http://gzdaily.dayoo.com/pc/html/2019-04/04/index_2019-04-04.htm)
2019-04-05 23:05:49 [scrapy.core.engine] DEBUG: Crawled (200) <GET http://gzdaily.dayoo.com/pc/html/2019-04/04/content_108270_594793.htm> (referer: http://gzdaily.dayoo.com/pc/html/2019-04/04/index_2019-04-04.htm)
2019-04-05 23:05:49 [scrapy.core.engine] DEBUG: Crawled (200) <GET http://gzdaily.dayoo.com/pc/html/2019-04/04/content_108270_594794.htm> (referer: http://gzdaily.dayoo.com/pc/html/2019-04/04/index_2019-04-04.htm)
2019-04-05 23:05:49 [scrapy.core.engine] DEBUG: Crawled (200) <GET http://gzdaily.dayoo.com/pc/html/2019-04/04/content_108282_594865.htm> (referer: http://gzdaily.dayoo.com/pc/html/2019-04/04/index_2019-04-04.htm)
2019-04-05 23:05:49 [scrapy.core.engine] DEBUG: Crawled (200) <GET http://gzdaily.dayoo.com/pc/html/2019-04/04/content_108254_594710.htm> (referer: http://gzdaily.dayoo.com/pc/html/2019-04/04/index_2019-04-04.htm)
2019-04-05 23:05:49 [scrapy.core.engine] DEBUG: Crawled (200) <GET http://gzdaily.dayoo.com/pc/html/2019-04/04/content_108282_594863.htm> (referer: http://gzdaily.dayoo.com/pc/html/2019-04/04/index_2019-04-04.htm)
2019-04-05 23:05:49 [scrapy.core.engine] DEBUG: Crawled (200) <GET http://gzdaily.dayoo.com/pc/html/2019-04/04/content_108282_594864.htm> (referer: http://gzdaily.dayoo.com/pc/html/2019-04/04/index_2019-04-04.htm)
2019-04-05 23:05:49 [scrapy.core.engine] DEBUG: Crawled (200) <GET http://gzdaily.dayoo.com/pc/html/2019-04/04/content_108272_594816.htm> (referer: http://gzdaily.dayoo.com/pc/html/2019-04/04/index_2019-04-04.htm)
2019-04-05 23:05:49 [scrapy.core.engine] DEBUG: Crawled (200) <GET http://gzdaily.dayoo.com/pc/html/2019-04/04/content_108272_594814.htm> (referer: http://gzdaily.dayoo.com/pc/html/2019-04/04/index_2019-04-04.htm)
2019-04-05 23:05:49 [scrapy.core.engine] DEBUG: Crawled (200) <GET http://gzdaily.dayoo.com/pc/html/2019-04/04/content_108270_594792.htm> (referer: http://gzdaily.dayoo.com/pc/html/2019-04/04/index_2019-04-04.htm)
2019-04-05 23:05:49 [scrapy.core.engine] DEBUG: Crawled (200) <GET http://gzdaily.dayoo.com/pc/html/2019-04/04/content_108272_594813.htm> (referer: http://gzdaily.dayoo.com/pc/html/2019-04/04/index_2019-04-04.htm)
2019-04-05 23:05:49 [scrapy.core.engine] DEBUG: Crawled (200) <GET http://gzdaily.dayoo.com/pc/html/2019-04/04/content_108272_594811.htm> (referer: http://gzdaily.dayoo.com/pc/html/2019-04/04/index_2019-04-04.htm)
2019-04-05 23:05:50 [scrapy.core.engine] DEBUG: Crawled (200) <GET http://gzdaily.dayoo.com/pc/html/2019-04/04/content_108272_594815.htm> (referer: http://gzdaily.dayoo.com/pc/html/2019-04/04/index_2019-04-04.htm)
2019-04-05 23:05:50 [scrapy.core.engine] DEBUG: Crawled (200) <GET http://gzdaily.dayoo.com/pc/html/2019-04/04/content_108272_594810.htm> (referer: http://gzdaily.dayoo.com/pc/html/2019-04/04/index_2019-04-04.htm)
2019-04-05 23:05:50 [scrapy.core.engine] DEBUG: Crawled (200) <GET http://gzdaily.dayoo.com/pc/html/2019-04/04/content_108272_594808.htm> (referer: http://gzdaily.dayoo.com/pc/html/2019-04/04/index_2019-04-04.htm)
2019-04-05 23:05:50 [scrapy.core.engine] DEBUG: Crawled (200) <GET http://gzdaily.dayoo.com/pc/html/2019-04/04/content_108272_594809.htm> (referer: http://gzdaily.dayoo.com/pc/html/2019-04/04/index_2019-04-04.htm)
2019-04-05 23:05:50 [scrapy.core.engine] DEBUG: Crawled (200) <GET http://gzdaily.dayoo.com/pc/html/2019-04/04/content_108271_594806.htm> (referer: http://gzdaily.dayoo.com/pc/html/2019-04/04/index_2019-04-04.htm)
2019-04-05 23:05:50 [scrapy.core.engine] DEBUG: Crawled (200) <GET http://gzdaily.dayoo.com/pc/html/2019-04/04/content_108271_594805.htm> (referer: http://gzdaily.dayoo.com/pc/html/2019-04/04/index_2019-04-04.htm)
2019-04-05 23:05:50 [scrapy.core.engine] DEBUG: Crawled (200) <GET http://gzdaily.dayoo.com/pc/html/2019-04/04/content_108272_594812.htm> (referer: http://gzdaily.dayoo.com/pc/html/2019-04/04/index_2019-04-04.htm)
2019-04-05 23:05:50 [scrapy.core.engine] DEBUG: Crawled (200) <GET http://gzdaily.dayoo.com/pc/html/2019-04/04/content_108271_594807.htm> (referer: http://gzdaily.dayoo.com/pc/html/2019-04/04/index_2019-04-04.htm)
2019-04-05 23:05:50 [scrapy.core.engine] DEBUG: Crawled (200) <GET http://gzdaily.dayoo.com/pc/html/2019-04/04/content_108274_594827.htm> (referer: http://gzdaily.dayoo.com/pc/html/2019-04/04/index_2019-04-04.htm)
2019-04-05 23:05:50 [scrapy.core.engine] DEBUG: Crawled (200) <GET http://gzdaily.dayoo.com/pc/html/2019-04/04/content_108274_594825.htm> (referer: http://gzdaily.dayoo.com/pc/html/2019-04/04/index_2019-04-04.htm)
2019-04-05 23:05:50 [scrapy.core.engine] DEBUG: Crawled (200) <GET http://gzdaily.dayoo.com/pc/html/2019-04/04/content_108271_594803.htm> (referer: http://gzdaily.dayoo.com/pc/html/2019-04/04/index_2019-04-04.htm)
2019-04-05 23:05:50 [scrapy.core.engine] DEBUG: Crawled (200) <GET http://gzdaily.dayoo.com/pc/html/2019-04/04/content_108274_594826.htm> (referer: http://gzdaily.dayoo.com/pc/html/2019-04/04/index_2019-04-04.htm)
2019-04-05 23:05:50 [scrapy.core.engine] DEBUG: Crawled (200) <GET http://gzdaily.dayoo.com/pc/html/2019-04/04/content_108274_594824.htm> (referer: http://gzdaily.dayoo.com/pc/html/2019-04/04/index_2019-04-04.htm)
2019-04-05 23:05:50 [scrapy.core.engine] DEBUG: Crawled (200) <GET http://gzdaily.dayoo.com/pc/html/2019-04/04/content_108271_594804.htm> (referer: http://gzdaily.dayoo.com/pc/html/2019-04/04/index_2019-04-04.htm)
2019-04-05 23:05:50 [scrapy.core.engine] DEBUG: Crawled (200) <GET http://gzdaily.dayoo.com/pc/html/2019-04/04/content_108274_594822.htm> (referer: http://gzdaily.dayoo.com/pc/html/2019-04/04/index_2019-04-04.htm)
2019-04-05 23:05:50 [scrapy.core.engine] DEBUG: Crawled (200) <GET http://gzdaily.dayoo.com/pc/html/2019-04/04/content_108253_594708.htm> (referer: http://gzdaily.dayoo.com/pc/html/2019-04/04/index_2019-04-04.htm)
2019-04-05 23:05:50 [scrapy.core.engine] DEBUG: Crawled (200) <GET http://gzdaily.dayoo.com/pc/html/2019-04/04/content_108267_594783.htm> (referer: http://gzdaily.dayoo.com/pc/html/2019-04/04/index_2019-04-04.htm)
2019-04-05 23:05:50 [scrapy.core.engine] DEBUG: Crawled (200) <GET http://gzdaily.dayoo.com/pc/html/2019-04/04/content_108274_594821.htm> (referer: http://gzdaily.dayoo.com/pc/html/2019-04/04/index_2019-04-04.htm)
2019-04-05 23:05:50 [scrapy.core.engine] DEBUG: Crawled (200) <GET http://gzdaily.dayoo.com/pc/html/2019-04/04/content_108267_594785.htm> (referer: http://gzdaily.dayoo.com/pc/html/2019-04/04/index_2019-04-04.htm)
2019-04-05 23:05:51 [scrapy.core.engine] DEBUG: Crawled (200) <GET http://gzdaily.dayoo.com/pc/html/2019-04/04/content_108267_594784.htm> (referer: http://gzdaily.dayoo.com/pc/html/2019-04/04/index_2019-04-04.htm)
2019-04-05 23:05:51 [scrapy.core.engine] DEBUG: Crawled (200) <GET http://gzdaily.dayoo.com/pc/html/2019-04/04/content_108274_594823.htm> (referer: http://gzdaily.dayoo.com/pc/html/2019-04/04/index_2019-04-04.htm)
2019-04-05 23:05:51 [scrapy.core.engine] DEBUG: Crawled (200) <GET http://gzdaily.dayoo.com/pc/html/2019-04/04/content_108267_594781.htm> (referer: http://gzdaily.dayoo.com/pc/html/2019-04/04/index_2019-04-04.htm)
2019-04-05 23:05:51 [scrapy.core.engine] DEBUG: Crawled (200) <GET http://gzdaily.dayoo.com/pc/html/2019-04/04/content_108267_594780.htm> (referer: http://gzdaily.dayoo.com/pc/html/2019-04/04/index_2019-04-04.htm)
2019-04-05 23:05:51 [scrapy.core.engine] DEBUG: Crawled (200) <GET http://gzdaily.dayoo.com/pc/html/2019-04/04/content_108267_594779.htm> (referer: http://gzdaily.dayoo.com/pc/html/2019-04/04/index_2019-04-04.htm)
2019-04-05 23:05:51 [scrapy.core.engine] DEBUG: Crawled (200) <GET http://gzdaily.dayoo.com/pc/html/2019-04/04/content_108267_594782.htm> (referer: http://gzdaily.dayoo.com/pc/html/2019-04/04/index_2019-04-04.htm)
2019-04-05 23:05:51 [scrapy.core.scraper] DEBUG: Scraped from <200 http://gzdaily.dayoo.com/pc/html/2019-04/04/content_108267_594781.htm>
{'date': '2019-04-05',
 'keyword': '习近平',
 'source': '广州日报',
 'text': '广州日报讯\xa0（全媒体记者龙锟\xa0'
         '通讯员刘智城）昨日上午，十二届省政协社会和法制委员会在省政协机关召开全体委员会议，传达学习贯彻习近平总书记重要讲话精神和2019年全国两会精神，研究部署2019年工作。省政协副主席邓海光、黄武出席会议并讲话。\n'
         '邓海光强调，新时代人民政协要有新样子，新时代政协委员要有新形象，社法委要以新姿态、新状态完成好工作部署，并提出三点要求：一是要用总书记重要讲话精神武装头脑、指导实践、推动工作，增强贯彻落实的思想自觉、行动自觉。二是要聚焦社法委年度工作要点，在建言资政和凝聚共识上双向发力。三是要强化专委会基础性作用，为委员履职尽责提供更周到的服务和保障。\n'
         '黄武传达了全国政协十三届二次全会精神，并结合广东工作实际谈了学习体会。会议审议并通过了委员会2019年工作计划。委员们围绕今年工作任务，就推动我省贯彻落实“1+1+9”部署要求，实现“四个走在全国前列”，以及进一步发挥委员作用、提升委员会工作质量提出了意见和建议。',
 'title': '以新姿态、新状态完成好工作部署',
 'url': 'http://gzdaily.dayoo.com/pc/html/2019-04/04/content_108267_594781.htm'}
2019-04-05 23:05:51 [scrapy.core.scraper] DEBUG: Scraped from <200 http://gzdaily.dayoo.com/pc/html/2019-04/04/content_108267_594780.htm>
{'date': '2019-04-05',
 'keyword': '习近平',
 'source': '广州日报',
 'text': '广州日报讯\xa0（全媒体记者龙锟\xa0'
         '通讯员黄智颖、吴明宇）昨日上午，十二届省政协文化和文史资料委员会召开2019年度第一次全体会议。省政协党组副书记、副主席林雄出席并讲话。\n'
         '林雄充分肯定了文化和文史委2018年工作，认为专委会各项工作取得了显著进步和工作成效，并提出三点要求：一是贯彻落实好习近平总书记在全国两会期间看望政协文艺界社科界委员时发表的重要讲话精神。加强思想政治引领，树牢“四个意识”、坚定“四个自信”、做到“两个维护”，在推动广东文化繁荣发展、补齐文化建设短板等方面协商议政。二是贯彻落实好省委“1+1+9”工作部署，助力粤港澳大湾区建设。紧紧围绕省委、省政府重点工作任务，结合专委会实际，在文化领域选准突破口重点发力，组织开展调研、视察和协商议政。三是增强使命感责任感，做履职尽责的政协委员和政协工作者。把加强学习、勇于创新、增进团结贯穿于履职工作全过程；把讲品位、讲格调、讲责任作为履职工作必须遵循的操守；把提质增效树新风作为服务好委员履职的重要保障。',
 'title': '在文化领域选准突破口重点发力',
 'url': 'http://gzdaily.dayoo.com/pc/html/2019-04/04/content_108267_594780.htm'}
2019-04-05 23:05:51 [scrapy.core.engine] DEBUG: Crawled (200) <GET http://gzdaily.dayoo.com/pc/html/2019-04/04/content_108275_594828.htm> (referer: http://gzdaily.dayoo.com/pc/html/2019-04/04/index_2019-04-04.htm)
2019-04-05 23:05:51 [scrapy.core.scraper] DEBUG: Scraped from <200 http://gzdaily.dayoo.com/pc/html/2019-04/04/content_108267_594782.htm>
{'date': '2019-04-05',
 'keyword': '习近平',
 'source': '广州日报',
 'text': '广州日报讯\xa0（全媒体记者龙锟\xa0'
         '通讯员张萍、高冰）为贯彻落实习近平新时代中国特色社会主义思想和党的十九大精神，加快推进质量强省建设，根据省政协党组2019年工作要点安排，省政协将围绕“全面提升广东省产品和服务质量，加快推进质量强省建设”专题开展系列调研，为今年上半年“粤商·省长面对面协商座谈会”做好充分准备。\n'
         '为此，省政协副主席李心于4月１日~３日率专题调研组赴佛山、东莞两市深入多家企业开展实地调研，并分别召开座谈会，充分听取相关职能部门在各领域质量建设方面的情况汇报，以及企业家代表在质量建设中遇到的困难问题和意见建议。会上，李心对佛山、东莞两市近年来在质量建设方面所做的大量工作和所取得的显著成绩给予了充分肯定。同时强调，质量强省建设必须做到“三个强化”，一是要强化质量责任意识；二是要强化企业的质量主体地位；三是要强化政府的监督管理职能和服务支撑作用。只有三方形成合力，才能有力推动质量强省建设迈上新台阶。',
 'title': '质量强省建设须做到“三个强化”',
 'url': 'http://gzdaily.dayoo.com/pc/html/2019-04/04/content_108267_594782.htm'}
2019-04-05 23:05:51 [scrapy.core.engine] DEBUG: Crawled (200) <GET http://gzdaily.dayoo.com/pc/html/2019-04/04/content_108279_594851.htm> (referer: http://gzdaily.dayoo.com/pc/html/2019-04/04/index_2019-04-04.htm)
2019-04-05 23:05:51 [scrapy.core.engine] DEBUG: Crawled (200) <GET http://gzdaily.dayoo.com/pc/html/2019-04/04/content_108279_594852.htm> (referer: http://gzdaily.dayoo.com/pc/html/2019-04/04/index_2019-04-04.htm)
2019-04-05 23:05:51 [scrapy.core.engine] DEBUG: Crawled (200) <GET http://gzdaily.dayoo.com/pc/html/2019-04/04/content_108279_594849.htm> (referer: http://gzdaily.dayoo.com/pc/html/2019-04/04/index_2019-04-04.htm)
2019-04-05 23:05:51 [scrapy.core.engine] DEBUG: Crawled (200) <GET http://gzdaily.dayoo.com/pc/html/2019-04/04/content_108279_594848.htm> (referer: http://gzdaily.dayoo.com/pc/html/2019-04/04/index_2019-04-04.htm)
2019-04-05 23:05:51 [scrapy.core.engine] DEBUG: Crawled (200) <GET http://gzdaily.dayoo.com/pc/html/2019-04/04/content_108279_594847.htm> (referer: http://gzdaily.dayoo.com/pc/html/2019-04/04/index_2019-04-04.htm)
2019-04-05 23:05:51 [scrapy.core.scraper] DEBUG: Scraped from <200 http://gzdaily.dayoo.com/pc/html/2019-04/04/content_108279_594851.htm>
{'date': '2019-04-05',
 'keyword': '习近平',
 'source': '广州日报',
 'text': '广州日报讯\xa0（全媒体记者何瑞琪\xa0'
         '通讯员穗仁宣）昨日，广州市人大常委会党组中心组召开专题学习会，围绕“学习贯彻《粤港澳大湾区发展规划纲要》”主题进行研讨交流。市人大常委会党组书记、主任陈建华主持会议并讲话，常委会党组副书记、副主任唐航浩和常委会副主任周建军围绕会议主题作中心发言。常委会副主任余明永、于绍文，秘书长陈小清参加会议。\n'
         '陈建华指出，《粤港澳大湾区发展规划纲要》（以下简称《规划纲要》）正式公布，标志着这项由习近平总书记亲自谋划、亲自部署、亲自推动的国家战略进入全面实施阶段。建设粤港澳大湾区区域发展核心引擎是《规划纲要》赋予广州的重要定位，是广州千载难逢的重大历史机遇，市人大常委会要提高认识，\xa0\xa0'
         '（下转8版）\n'
         '（紧接1版）深入学习宣传贯彻习近平总书记关于粤港澳大湾区建设的重要论述，认真落实中央和省、市委的决策部署，切实抓好专题培训和辅导，迅速形成抢抓粤港澳大湾区建设的思想自觉和行动自觉。\n'
         '陈建华强调，要尽人大所能全力推进粤港澳大湾区建设，齐心协力把《规划纲要》的“宏伟蓝图”加快建成“实景图”。要加强立法工作，在制定、修改我市地方性法规时充分考虑大湾区协同发展的需要，促进法治湾区建设。要加大监督力度，把支持和监督政府推动各项工作作为人大履职重点，推动省市落实《规划纲要》有关文件落到实处。要行使好决定职权，抓住广州参与粤港澳大湾区建设带有全局性、根本性、长远性的问题，及时依法作出决议决定，营造大湾区发展良好环境。要做好代表工作，充分发挥人大代表主体作用，协助代表深入了解各方面情况，汇聚建设大湾区的澎湃动力。\n'
         '专题学习会前，市人大常委会机关举办了宣传报告会，邀请《粤港澳大湾区发展规划纲要》市委宣讲团成员陈建荣作专题宣讲报告。市人大常委会机关全体干部职工参加了会议。',
 'title': '市人大常委会党组中心组专题学习 《粤港澳大湾区发展规划纲要》',
 'url': 'http://gzdaily.dayoo.com/pc/html/2019-04/04/content_108279_594851.htm'}
2019-04-05 23:05:51 [scrapy.core.engine] DEBUG: Crawled (200) <GET http://gzdaily.dayoo.com/pc/html/2019-04/04/content_108279_594850.htm> (referer: http://gzdaily.dayoo.com/pc/html/2019-04/04/index_2019-04-04.htm)
2019-04-05 23:05:51 [scrapy.core.scraper] DEBUG: Scraped from <200 http://gzdaily.dayoo.com/pc/html/2019-04/04/content_108279_594847.htm>
{'date': '2019-04-05',
 'keyword': '习近平',
 'source': '广州日报',
 'text': '广州日报讯\xa0'
         '4月3日上午，副省长覃伟中率队先后到香雪制药公司、广州市第二中学科学城校区和省市场监管局调研，实地了解药品生产过程、学校食品安全和机构改革情况。\n'
         '覃伟中充分肯定了近年来我省市场监管工作取得的成绩并强调，各级市场监管部门要坚持以习近平新时代中国特色社会主义思想为指导，认真贯彻落实习近平总书记对广东重要讲话和重要指示批示精神，按照中央和省的决策部署，切实提高政治站位，准确把握当前面临的新形势新要求，以新担当新作为不断开创全省市场监管工作新局面。要突出融合发展，进一步在完善体制机制上下功夫。要突出激活市场活力和创造力，进一步在优化营商环境上创佳绩。要突出筑牢市场安全底线，进一步在安全监管上见行动。要突出实施质量强省和知识产权战略，进一步在推动经济高质量发展上挑重担。要突出公平公正监管，进一步在维护统一大市场上做文章。要突出全面加强党的建设，打造一支忠诚干净担当的高素质市场监管专业化干部队伍。',
 'title': '省领导率队调研市场监管工作',
 'url': 'http://gzdaily.dayoo.com/pc/html/2019-04/04/content_108279_594847.htm'}
2019-04-05 23:05:51 [scrapy.core.engine] DEBUG: Crawled (200) <GET http://gzdaily.dayoo.com/pc/html/2019-04/04/content_108279_594845.htm> (referer: http://gzdaily.dayoo.com/pc/html/2019-04/04/index_2019-04-04.htm)
2019-04-05 23:05:51 [scrapy.core.engine] DEBUG: Crawled (200) <GET http://gzdaily.dayoo.com/pc/html/2019-04/04/content_108279_594846.htm> (referer: http://gzdaily.dayoo.com/pc/html/2019-04/04/index_2019-04-04.htm)
2019-04-05 23:05:51 [scrapy.core.scraper] DEBUG: Scraped from <200 http://gzdaily.dayoo.com/pc/html/2019-04/04/content_108279_594846.htm>
{'date': '2019-04-05',
 'keyword': '习近平',
 'source': '广州日报',
 'text': '广州日报讯\xa0（全媒体记者肖桂来\xa0'
         '通讯员穗纪宣）党的十九大以来，广州市各级纪检监察机关深入贯彻落实习近平总书记关于整治形式主义、官僚主义的重要指示批示精神，认真贯彻落实中央和省委、市委有关整治形式主义、官僚主义工作部署，从落实“两个维护”的政治高度，坚决查处空泛表态、应景造势、敷衍塞责、出工不出力等问题，激发干部敢担当善作为。今年1至3月，广州市共查处形式主义、官僚主义问题61个，处理87人，给予党纪政务（纪）处分19人。为强化警示教育，广州市纪委监委通报了近期查处的3起基层党员干部形式主义、官僚主义典型问题。\n'
         '番禺区沙头街沙头村来穗人员和出租屋服务管理工作站原副站长钟嘉乐履责不严形式主义问题。沙头街沙头村来穗人员和出租屋服务管理工作站在开展出租屋日常巡查工作中，先后4次到碧沙直街一出租屋巡查，其中1次在现场检查却未发现现场非法充装煤气、存放大量液化石油气瓶的安全隐患，3次到访不遇后也未及时采取措施加强跟踪检查，导致本应发现和排除的安全隐患未能得到及时有效处置，2018年2月发生煤气爆炸事故造成一人死亡。时任副站长钟嘉乐不正确履行职责，日常检查工作不认真，致使群众生命财产遭受重大损失。2018年9月，钟嘉乐受到党内严重警告处分。\n'
         '黄埔区九龙镇佛塱村党总支部书记、村委会主任杨沃涨等人敷衍塞责官僚主义问题。2017年6月至2018年3月，佛塱村在建抢建房232宗，其中涉嫌违法用地建设122宗，涉嫌拆旧建新或加建违法建设110宗。杨沃涨和该村党总支部委员、村委会副主任廖金田不正确履行职责，对辖区内“两违”现象监控不力，对眼皮子底下的违法建设视而不见，近一年的时间里仅报告该村3宗违法建设，造成严重不良影响。2018年10月，杨沃涨、廖金田分别受到党内警告处分。\n'
         '广州市规划和自然资源局南沙区分局万顷沙国土资源所原负责人胡谦疏于监管官僚主义问题。2015年，南沙区万顷沙镇将三民岛一块鱼塘出租用于建设生态农庄并对外经营，造成违法用地。时任万顷沙国土资源所负责人胡谦不正确履行职责，未发现上述明显违法用地情况并及时查处，直至市委部署“大棚房”专项整治时才被发现，造成不良影响。2019年3月，胡谦受到诫勉处理。\n'
         '通报指出，上述3起形式主义、官僚主义典型问题，有的工作作风不严不实，敷衍应付走过场；有的履行职责流于形式，监管不严检查不实；有的虚报瞒报，对违法建设行为视而不见甚至包庇放纵。这些问题再一次暴露出广州市一些党员干部党员意识淡漠，改革攻坚、履责担当不足，存在典型的形式主义、官僚主义问题，必须深刻警醒，坚决纠正。\n'
         '通报强调，广州市各级党组织要认真学习贯彻习近平总书记重要指示批示精神，从加强党的政治建设的高度深刻认识破除形式主义、官僚主义的重大政治意义，按照中央和省委关于整治形式主义、官僚主义的部署要求，认真落实市委《关于深入开展形式主义官僚主义专项整治的指导意见》，聚焦做到“两个维护”，围绕防范化解重大风险、联系服务企业群众、履责担当作为、发文办会和检查调研考核等方面，认真查摆形式主义、官僚主义突出问题，列出负面清单，严肃党内政治生活，抓警示教育，抓专项治理，抓监督问责，抓正向激励，深入开展专项整治。各级纪检监察机关要切实履行监督执纪问责职责，协助党委抓好形式主义、官僚主义专项整治，贯通运用监督执纪“四种形态”，对各种形式主义、官僚主义问题精准执纪问责、精准处理处置。广大党员干部要牢记党员身份，牢记岗位职责，忠于职守，敢于担当，勤勉尽责，奋力推动市委、市政府各项决策部署和重点工作落地见效，为广州努力实现老城市新活力提供坚强保证，以新作为新成绩庆祝中华人民共和国成立70周年。',
 'title': '市纪委监委通报三起形式主义、官僚主义典型问题',
 'url': 'http://gzdaily.dayoo.com/pc/html/2019-04/04/content_108279_594846.htm'}
2019-04-05 23:05:51 [scrapy.core.engine] DEBUG: Crawled (200) <GET http://gzdaily.dayoo.com/pc/html/2019-04/04/content_108279_594844.htm> (referer: http://gzdaily.dayoo.com/pc/html/2019-04/04/index_2019-04-04.htm)
2019-04-05 23:05:51 [scrapy.core.engine] DEBUG: Crawled (200) <GET http://gzdaily.dayoo.com/pc/html/2019-04/04/content_108279_594843.htm> (referer: http://gzdaily.dayoo.com/pc/html/2019-04/04/index_2019-04-04.htm)
2019-04-05 23:05:51 [scrapy.core.engine] DEBUG: Crawled (200) <GET http://gzdaily.dayoo.com/pc/html/2019-04/04/content_108284_594872.htm> (referer: http://gzdaily.dayoo.com/pc/html/2019-04/04/index_2019-04-04.htm)
2019-04-05 23:05:51 [scrapy.core.engine] DEBUG: Crawled (200) <GET http://gzdaily.dayoo.com/pc/html/2019-04/04/content_108284_594871.htm> (referer: http://gzdaily.dayoo.com/pc/html/2019-04/04/index_2019-04-04.htm)
2019-04-05 23:05:51 [scrapy.core.engine] DEBUG: Crawled (200) <GET http://gzdaily.dayoo.com/pc/html/2019-04/04/content_108284_594870.htm> (referer: http://gzdaily.dayoo.com/pc/html/2019-04/04/index_2019-04-04.htm)
2019-04-05 23:05:52 [scrapy.core.engine] DEBUG: Crawled (200) <GET http://gzdaily.dayoo.com/pc/html/2019-04/04/content_108284_594868.htm> (referer: http://gzdaily.dayoo.com/pc/html/2019-04/04/index_2019-04-04.htm)
2019-04-05 23:05:52 [scrapy.core.engine] DEBUG: Crawled (200) <GET http://gzdaily.dayoo.com/pc/html/2019-04/04/content_108284_594869.htm> (referer: http://gzdaily.dayoo.com/pc/html/2019-04/04/index_2019-04-04.htm)
2019-04-05 23:05:52 [scrapy.core.engine] DEBUG: Crawled (200) <GET http://gzdaily.dayoo.com/pc/html/2019-04/04/content_108276_594832.htm> (referer: http://gzdaily.dayoo.com/pc/html/2019-04/04/index_2019-04-04.htm)
2019-04-05 23:05:52 [scrapy.core.engine] DEBUG: Crawled (200) <GET http://gzdaily.dayoo.com/pc/html/2019-04/04/content_108276_594831.htm> (referer: http://gzdaily.dayoo.com/pc/html/2019-04/04/index_2019-04-04.htm)
2019-04-05 23:05:52 [scrapy.core.engine] DEBUG: Crawled (200) <GET http://gzdaily.dayoo.com/pc/html/2019-04/04/content_108276_594830.htm> (referer: http://gzdaily.dayoo.com/pc/html/2019-04/04/index_2019-04-04.htm)
2019-04-05 23:05:52 [scrapy.core.engine] DEBUG: Crawled (200) <GET http://gzdaily.dayoo.com/pc/html/2019-04/04/content_108283_594867.htm> (referer: http://gzdaily.dayoo.com/pc/html/2019-04/04/index_2019-04-04.htm)
2019-04-05 23:05:52 [scrapy.core.engine] DEBUG: Crawled (200) <GET http://gzdaily.dayoo.com/pc/html/2019-04/04/content_108283_594866.htm> (referer: http://gzdaily.dayoo.com/pc/html/2019-04/04/index_2019-04-04.htm)
2019-04-05 23:05:52 [scrapy.core.scraper] DEBUG: Scraped from <200 http://gzdaily.dayoo.com/pc/html/2019-04/04/content_108276_594832.htm>
{'date': '2019-04-05',
 'keyword': '习近平',
 'source': '广州日报',
 'text': '广州日报讯\xa0（全媒体记者叶卡斯\xa0'
         '通讯员符信）4月3日，我省在广州举行广东省乡村振兴“万企帮万村”对接信息平台上线启动仪式活动，认真落实中央扶贫开发工作会议及全省实施乡村振兴战略工作推进会部署要求，搭建我省“万企帮万村”行动对接信息平台，广泛动员各类企业积极参与，有力推动我省乡村振兴不断取得新成效。省委常委叶贞琴出席并讲话。\n'
         '叶贞琴强调，开展“万企帮万村”是我省深入学习贯彻习近平总书记关于扶贫工作、乡村振兴和“三农”工作的重要论述的具体行动，是决战决胜打赢精准脱贫攻坚战、全面建成小康社会的一项光荣任务。“万企帮万村”行动信息对接平台为村企精准对接、供需精准匹配，提供了针对性的服务，各有关部门要把信息平台办好办实，积极拓宽企业帮扶渠道，扎实推进“万企帮万村”行动。要抓好村企对接关键环节，设立管理台账，实现信息共享，便于双方预先选择配对。要认真落实政策扶持工作，充分考虑企业实际，进一步降低政策申请门槛，提高政策获得便捷性。',
 'title': '扎实推进“万企帮万村”行动',
 'url': 'http://gzdaily.dayoo.com/pc/html/2019-04/04/content_108276_594832.htm'}
2019-04-05 23:05:52 [scrapy.core.scraper] DEBUG: Scraped from <200 http://gzdaily.dayoo.com/pc/html/2019-04/04/content_108276_594831.htm>
{'date': '2019-04-05',
 'keyword': '习近平',
 'source': '广州日报',
 'text': '广州日报讯\xa0'
         '4月2日至3日，省委常委、宣传部部长傅华到茂名、阳江调研宣传思想文化工作，强调要坚定不移地以习近平新时代中国特色社会主义思想为指引，大力弘扬优秀传统文化，推动文化旅游产业融合发展，为实现“四个走在全国前列”、当好“两个重要窗口”作出新贡献。\n'
         '傅华先后到茂名日报社、南海旅游岛、冼太夫人故里和省水下文化遗产保护中心选址、海上丝绸之路博物馆、阳江市江城区对岸村新时代文明实践所、阳江广播电视台等地调研，充分肯定两市经济社会发展和宣传思想文化工作。\n'
         '傅华强调，要深入学习宣传贯彻习近平新时代中国特色社会主义思想，持续开展全方位、多视角、多层次的宣传，加快推进新时代文明实践中心建设，全力推动新思想落地生根、结出丰硕成果。深刻把握习近平总书记关于媒体融合发展的重要论述，推动传统媒体和新兴媒体深度融合，推进县级融媒体中心建设，巩固壮大主流思想舆论，完成好“举旗帜、聚民心、育新人、兴文化、展形象”使命任务。深入挖掘优秀传统文化资源，茂名要把冼夫人好心文化品牌培育得更加厚重、更加响亮，更好发挥文化引领支撑和滋养人心作用。阳江要加快广东省水下文化遗产保护中心建设，加强对“南海Ⅰ号”等海上丝绸之路文化遗产的保护开发，进一步擦亮“南海Ⅰ号”品牌，着力打造世界级城市文化名片。坚持新发展理念，推动文化产业繁荣发展，推进文化与旅游深度融合，以文化提升旅游价值和地方美誉度。',
 'title': '全力推动文化旅游产业融合发展',
 'url': 'http://gzdaily.dayoo.com/pc/html/2019-04/04/content_108276_594831.htm'}
2019-04-05 23:05:52 [scrapy.core.scraper] DEBUG: Scraped from <200 http://gzdaily.dayoo.com/pc/html/2019-04/04/content_108276_594830.htm>
{'date': '2019-04-05',
 'keyword': '习近平',
 'source': '广州日报',
 'text': '广州日报讯\xa0（全媒体记者杨洋\xa0'
         '通讯员任宣）4月3日上午，省人大常委会党组书记、主任李玉妹主持召开省人大常委会党组会议，传达学习新修订的《党政领导干部选拔任用工作条例》，传达学习全国人大常委会办公厅《关于进一步加强地方人大工作宣传报道有关事项的通知》，传达学习2019年省直机关党的工作会议暨模范机关创建工作推进会精神，通过中共广东省人大常委会党组理论学习中心组2019年学习计划，研究加强人大代表和人大机关工作人员培训工作。\n'
         '会议强调，要深入学习领会习近平总书记关于加强党的政治建设重要论述，进一步增强推进省人大常委会机关党的政治建设的自觉性和坚定性。要切实提高政治站位，全面落实新时代党的建设总要求，践行新时代党的组织路线，认真贯彻落实《中国共产党支部工作条例》，按照《广东省加强党的基层组织建设三年行动计划（2018－2020年）》要求，突出政治功能，强化政治引领，切实抓好省人大常委会机关基层党组织建设。机关党委要抓紧制定具体措施，加强党支部标准化、规范化建设，健全完善党支部考核评价机制，激发党支部工作活力，不断提高党支部建设质量。\n'
         '会议要求，要按照造就忠诚干净担当的高素质干部队伍的要求，切实加强人大代表和人大机关工作人员培训工作。要组织开展务实管用的专业能力培训，加强岗位必备知识的学习培训，提高人大代表履职能力，提高人大机关干部适应新时代、实现新目标、落实新部署的能力。要增强培训工作针对性、时代性，优化整合资源，完善制度机制，改进培训方式，切实把人大代表、人大干部教育培训工作做深做细做实，提升培训的水平和实效。',
 'title': '加强人大代表和人大机关工作人员培训工作',
 'url': 'http://gzdaily.dayoo.com/pc/html/2019-04/04/content_108276_594830.htm'}
2019-04-05 23:05:52 [scrapy.core.engine] DEBUG: Crawled (200) <GET http://gzdaily.dayoo.com/pc/html/2019-04/04/content_108276_594829.htm> (referer: http://gzdaily.dayoo.com/pc/html/2019-04/04/index_2019-04-04.htm)
2019-04-05 23:05:52 [scrapy.core.engine] DEBUG: Crawled (200) <GET http://gzdaily.dayoo.com/pc/html/2019-04/04/content_108280_594853.htm> (referer: http://gzdaily.dayoo.com/pc/html/2019-04/04/index_2019-04-04.htm)
2019-04-05 23:05:52 [scrapy.core.engine] DEBUG: Crawled (200) <GET http://gzdaily.dayoo.com/pc/html/2019-04/04/content_108281_594860.htm> (referer: http://gzdaily.dayoo.com/pc/html/2019-04/04/index_2019-04-04.htm)
2019-04-05 23:05:52 [scrapy.core.engine] DEBUG: Crawled (200) <GET http://gzdaily.dayoo.com/pc/html/2019-04/04/content_108281_594861.htm> (referer: http://gzdaily.dayoo.com/pc/html/2019-04/04/index_2019-04-04.htm)
2019-04-05 23:05:52 [scrapy.core.engine] DEBUG: Crawled (200) <GET http://gzdaily.dayoo.com/pc/html/2019-04/04/content_108281_594862.htm> (referer: http://gzdaily.dayoo.com/pc/html/2019-04/04/index_2019-04-04.htm)
2019-04-05 23:05:52 [scrapy.core.scraper] DEBUG: Scraped from <200 http://gzdaily.dayoo.com/pc/html/2019-04/04/content_108281_594860.htm>
{'date': '2019-04-05',
 'keyword': '习近平',
 'source': '广州日报',
 'text': '广州日报讯\xa0（全媒体记者何涛\xa0'
         '通讯员穗府信）昨天下午，广州市市长温国辉到从化区督导检查应急管理和安全生产工作，重点检查和部署清明节期间森林防火灭火工作。\n'
         '温国辉向从化区各级干部传达省市做好清明节期间森林防火灭火工作的会议和文件精神，部署贯彻落实工作。来到街口街西南的风云岭森林公园，温国辉在防火指挥中心察看视频监控系统，了解火灾防范处置措施以及消防队员配备、培训、实战等情况，并沿着森林公园登山径察看火灾风险点，随后到位于江埔街从城大道的莱茵商业广场项目施工现场，检查工地消防设施，询问安全管理情况。\n'
         '温国辉指出，临近清明，森林防火责任重大，市各级各有关部门要坚决贯彻落实习近平总书记重要批示精神，按照全省森林防火灭火工作视频会议、市委常委会议的部署要求，坚决落实责任，抓紧抓实森林防火灭火工作，维护人民群众生命财产安全和社会平安稳定。要全面深入开展安全隐患大排查大整治，把各项防御工作落细落小落具体，严防重特大森林火灾发生。要完善预防和应急准备措施，强化值班值守，做好组织指挥和后勤保障，科学安全高效应对处置火情。要强化宣传教育，提高全民防火意识。\n'
         '温国辉强调，要严格落实安全生产责任制，加强安全隐患排查并落实整改。要全面落实企业安全生产责任，督促企业完善安全生产管理制度，开展安全隐患自查自纠，加强员工安全教育培训，按照标准规范严格管理施工、生产全过程。要坚持一岗双责、齐抓共管，全力确保安全生产形势持续稳定。',
 'title': '落实责任严密防控全力抓好森林防火',
 'url': 'http://gzdaily.dayoo.com/pc/html/2019-04/04/content_108281_594860.htm'}
2019-04-05 23:05:52 [scrapy.core.scraper] DEBUG: Scraped from <200 http://gzdaily.dayoo.com/pc/html/2019-04/04/content_108281_594861.htm>
{'date': '2019-04-05',
 'keyword': '习近平',
 'source': '广州日报',
 'text': '广州日报讯\xa0（全媒体记者何瑞琪\xa0'
         '通讯员穗仁宣）昨日，广州市人大常委会党组中心组召开专题学习会，围绕“学习贯彻《粤港澳大湾区发展规划纲要》”主题进行研讨交流。市人大常委会党组书记、主任陈建华主持会议并讲话，常委会党组副书记、副主任唐航浩和常委会副主任周建军围绕会议主题作中心发言。常委会副主任余明永、于绍文，秘书长陈小清参加会议。\n'
         '陈建华指出，《粤港澳大湾区发展规划纲要》（以下简称《规划纲要》）正式公布，标志着这项由习近平总书记亲自谋划、亲自部署、亲自推动的国家战略进入全面实施阶段。建设粤港澳大湾区区域发展核心引擎是《规划纲要》赋予广州的重要定位，是广州千载难逢的重大历史机遇，市人大常委会要提高认识，\xa0\xa0'
         '（下转8版）\n'
         '（紧接1版）深入学习宣传贯彻习近平总书记关于粤港澳大湾区建设的重要论述，认真落实中央和省、市委的决策部署，切实抓好专题培训和辅导，迅速形成抢抓粤港澳大湾区建设的思想自觉和行动自觉。\n'
         '陈建华强调，要尽人大所能全力推进粤港澳大湾区建设，齐心协力把《规划纲要》的“宏伟蓝图”加快建成“实景图”。要加强立法工作，在制定、修改我市地方性法规时充分考虑大湾区协同发展的需要，促进法治湾区建设。要加大监督力度，把支持和监督政府推动各项工作作为人大履职重点，推动省市落实《规划纲要》有关文件落到实处。要行使好决定职权，抓住广州参与粤港澳大湾区建设带有全局性、根本性、长远性的问题，及时依法作出决议决定，营造大湾区发展良好环境。要做好代表工作，充分发挥人大代表主体作用，协助代表深入了解各方面情况，汇聚建设大湾区的澎湃动力。\n'
         '专题学习会前，市人大常委会机关举办了宣传报告会，邀请《粤港澳大湾区发展规划纲要》市委宣讲团成员陈建荣作专题宣讲报告。市人大常委会机关全体干部职工参加了会议。',
 'title': '市人大常委会党组中心组专题学习《粤港澳大湾区发展规划纲要》',
 'url': 'http://gzdaily.dayoo.com/pc/html/2019-04/04/content_108281_594861.htm'}
2019-04-05 23:05:52 [scrapy.core.engine] INFO: Closing spider (finished)
2019-04-05 23:05:52 [scrapy.statscollectors] INFO: Dumping Scrapy stats:
{'downloader/request_bytes': 58101,
 'downloader/request_count': 174,
 'downloader/request_method_count/GET': 174,
 'downloader/response_bytes': 11092096,
 'downloader/response_count': 174,
 'downloader/response_status_count/200': 173,
 'downloader/response_status_count/404': 1,
 'finish_reason': 'finished',
 'finish_time': datetime.datetime(2019, 4, 5, 15, 5, 52, 879175),
 'item_scraped_count': 17,
 'log_count/DEBUG': 191,
 'log_count/INFO': 9,
 'request_depth_max': 1,
 'response_received_count': 174,
 'robotstxt/request_count': 1,
 'robotstxt/response_count': 1,
 'robotstxt/response_status_count/404': 1,
 'scheduler/dequeued': 173,
 'scheduler/dequeued/memory': 173,
 'scheduler/enqueued': 173,
 'scheduler/enqueued/memory': 173,
 'start_time': datetime.datetime(2019, 4, 5, 15, 5, 42, 754265)}
2019-04-05 23:05:52 [scrapy.core.engine] INFO: Spider closed (finished)
